116
47 75
55 10
84 5
0 15
5 79
13 22
26 70
34 41
53 52
63 90
67 44
88 57
88 83
31 65
40 36
60 5
64 97
74 0
92 44
6 21
2 48
4 64
11 93
18 48
26 6
41 18
41 89
55 25
69 65
70 30
80 97
88 19
13 62
18 32
23 52
47 94
48 38
66 81
72 58
93 19
96 35
7 86
18 72
21 27
32 76
37 26
37 47
46 9
78 27
80 56
97 46
12 14
16 87
62 33
68 84
36 69
75 61
84 49
12 53
54 85
69 94
0 34
94 98
98 0
0 5
0 99
25 0
25 89
47 58
53 71
72 13
90 66
94 80
0 41
26 15
30 90
57 24
59 66
77 72
78 0
78 42
96 16
98 30
14 33
16 97
27 21
30 56
44 52
54 38
79 34
88 1
91 75
93 89
6 71
20 66
31 38
33 19
34 85
49 12
52 66
55 91
64 37
66 19
76 81
84 27
29 55
38 78
76 7
19 81
22 37
32 10
38 61
47 31
81 70
18 57
24 74
