111
4 88
32 8
34 41
37 78
38 99
5 37
16 98
20 31
37 55
45 30
58 1
60 63
69 25
76 9
84 25
84 90
94 56
12 84
19 4
71 62
7 98
26 38
27 4
57 26
78 34
0 52
2 18
15 62
46 10
50 86
51 43
63 92
71 47
84 69
96 41
97 75
5 6
17 76
19 51
25 91
26 21
32 76
53 67
60 5
79 48
86 9
22 62
39 72
56 88
71 31
71 95
87 60
4 78
12 25
48 4
52 8
77 23
65 77
98 20
4 53
35 56
40 28
44 99
54 41
87 0
93 89
2 12
6 35
10 0
29 91
30 41
46 66
56 42
60 20
85 67
91 5
93 47
1 62
12 76
16 15
24 1
32 16
32 72
45 85
46 13
48 28
52 57
60 71
64 49
66 2
87 23
9 49
11 30
18 69
34 50
49 90
71 54
77 1
83 39
12 44
29 35
60 12
65 40
79 15
91 66
11 10
23 75
33 85
35 40
57 53
39 45
