196
4 7
4 28
4 49
4 70
4 91
14 17
14 38
14 59
14 80
16 99
21 4
24 28
24 49
24 70
26 89
30 15
35 37
35 58
36 78
36 99
40 5
42 23
46 49
47 68
47 89
50 35
53 14
57 58
57 78
57 99
61 26
61 44
63 4
68 68
68 89
71 16
71 54
72 35
78 78
78 99
82 5
82 63
83 26
83 44
89 89
92 15
92 75
93 54
94 35
99 99
14 18
14 39
14 60
14 81
35 39
35 60
93 72
95 14
95 35
95 56
4 98
19 96
25 7
25 49
25 70
26 26
28 84
39 98
40 75
44 26
45 49
46 7
49 63
49 86
56 18
57 40
60 77
60 98
67 7
68 30
68 49
70 87
77 19
79 40
79 58
81 98
90 86
96 6
96 50
96 70
97 20
5 12
5 33
5 54
5 75
28 21
46 28
53 63
63 73
74 84
78 5
95 91
97 29
98 74
5 84
18 42
18 63
21 94
28 53
31 35
32 84
35 5
42 73
42 94
51 12
53 84
56 38
63 24
63 53
63 94
73 63
81 21
90 49
92 6
5 21
42 44
74 35
74 63
81 77
84 94
91 31
5 42
5 63
11 7
19 20
19 35
19 56
19 76
25 98
30 65
33 12
42 54
47 21
54 6
62 51
74 14
77 49
84 73
92 96
96 65
97 40
33 19
46 98
49 57
50 42
67 98
76 30
82 47
91 20
95 84
11 91
19 13
28 42
28 74
33 92
43 82
54 72
54 92
58 30
64 82
75 92
77 67
19 85
33 69
40 34
62 12
73 21
86 54
11 28
40 12
61 33
63 60
68 78
82 35
84 81
85 12
91 60
11 49
11 70
33 51
34 29
40 64
46 77
71 44
89 40
56 47
