109
9 36
11 11
78 31
90 63
0 23
1 82
13 55
25 20
34 43
40 85
45 66
75 47
90 95
92 30
8 2
15 65
84 69
4 31
19 58
21 10
83 31
85 40
26 87
37 99
46 12
46 34
52 93
55 45
59 24
65 57
65 84
72 8
80 83
85 16
99 76
0 58
0 92
2 76
22 27
37 57
43 80
48 0
61 28
66 75
80 99
90 46
2 51
8 80
27 95
32 35
46 60
60 13
70 41
73 59
80 74
93 81
12 1
47 89
52 38
55 63
73 90
5 66
7 89
28 73
86 2
13 98
26 5
39 18
61 99
0 0
2 22
17 37
27 56
35 0
57 1
57 77
74 15
75 97
76 0
90 18
91 56
93 89
3 43
15 83
20 42
30 29
39 64
60 53
77 54
20 0
22 66
32 14
49 28
50 8
60 38
75 74
86 11
4 55
14 88
50 84
61 43
75 39
81 60
83 26
51 31
81 89
8 60
68 52
77 65
