115
28 64
44 26
93 93
26 95
53 6
14 51
25 24
35 45
49 89
87 11
16 95
30 13
48 49
58 91
97 13
31 53
38 18
0 41
0 81
1 65
20 76
34 77
47 69
59 77
62 30
69 44
72 6
72 58
73 92
74 76
87 57
90 71
95 36
12 19
17 46
21 8
23 32
42 90
50 1
52 20
70 22
76 43
78 91
83 16
97 67
32 4
32 60
53 99
57 3
15 87
38 81
43 19
44 59
57 82
93 59
22 14
49 28
65 95
25 52
25 86
0 7
0 96
0 49
3 24
13 0
13 73
36 0
37 39
62 45
71 0
86 30
88 78
90 99
95 42
97 21
0 88
10 59
30 98
64 30
74 59
83 15
92 4
99 82
3 12
9 99
20 0
32 67
37 98
42 44
49 6
50 72
66 79
83 46
87 93
3 48
6 80
16 65
20 42
46 35
60 37
62 53
77 23
89 49
92 31
20 80
32 94
34 22
58 22
67 92
80 83
83 8
10 91
36 12
24 72
46 13
