113
46 74
47 16
79 56
0 49
5 12
10 39
14 74
16 59
25 93
44 38
46 93
59 37
61 2
69 15
75 28
86 41
95 57
2 57
18 45
22 73
32 96
47 63
73 50
81 13
70 2
85 29
25 67
36 86
7 89
21 14
58 83
64 63
72 84
84 70
84 95
95 86
6 29
9 6
29 39
31 12
36 55
41 23
44 5
51 57
61 27
69 70
4 43
7 82
36 76
49 35
68 41
86 56
8 67
15 40
21 84
39 99
37 69
43 82
68 11
68 29
77 67
62 98
95 12
98 71
99 26
11 25
84 3
86 97
0 0
17 20
23 98
30 55
33 5
34 22
34 41
50 11
50 49
61 58
63 84
80 81
83 40
2 80
10 60
77 0
83 73
87 56
88 13
93 30
13 11
20 36
25 19
30 61
42 21
44 54
48 40
58 6
65 48
65 77
78 42
87 87
7 79
29 47
39 90
41 71
74 19
86 73
91 23
45 15
53 43
92 62
75 34
81 49
83 63
