104
57 8
42 42
66 69
77 45
72 75
5 6
10 54
20 31
25 0
26 45
32 60
34 90
45 81
46 62
55 24
58 89
81 64
94 96
96 27
64 8
65 57
38 77
54 83
74 51
3 74
14 87
17 72
34 17
56 43
79 27
92 46
6 4
10 30
16 99
23 73
30 96
49 28
50 1
52 97
63 23
64 37
73 1
76 79
81 93
98 33
8 15
25 8
31 26
33 40
68 18
86 18
25 87
50 76
58 95
80 67
88 32
61 69
16 8
48 92
64 14
61 77
2 95
90 77
95 60
96 6
0 35
0 51
48 55
95 63
96 81
9 40
24 27
31 2
31 74
50 29
72 90
77 43
82 16
96 90
97 43
5 85
10 70
23 41
37 59
48 47
62 51
81 61
88 13
19 83
25 70
45 71
65 22
71 6
71 35
71 83
85 81
79 37
88 54
54 13
69 49
72 20
75 65
90 36
75 71
