115
26 69
49 70
33 87
50 41
46 62
9 71
10 56
40 1
52 15
59 80
64 66
70 50
78 29
90 57
16 46
25 60
82 38
2 94
10 0
12 23
16 93
23 32
31 47
58 2
64 35
69 11
76 99
82 86
87 13
92 71
92 96
96 40
1 51
4 74
26 25
28 83
30 97
36 13
44 1
54 89
58 53
74 25
89 4
9 94
19 39
29 68
31 30
36 81
55 27
62 91
65 72
75 8
87 40
15 76
41 76
55 33
63 16
33 25
49 7
51 61
31 77
1 32
20 10
93 26
0 1
2 18
2 36
33 44
79 77
97 23
0 57
5 4
16 91
26 7
37 51
40 27
48 42
74 46
76 92
85 71
96 43
97 63
1 81
6 14
14 60
23 97
42 56
78 22
79 52
83 6
87 89
96 12
98 49
14 26
20 46
30 66
39 18
42 86
45 70
53 12
54 56
64 83
2 65
6 48
12 8
19 82
41 37
62 25
73 36
24 43
47 21
75 31
23 74
30 58
88 26
