119
25 3
27 95
83 0
3 69
22 61
24 77
27 44
30 19
42 37
42 66
47 13
59 84
62 40
65 18
77 26
83 63
92 22
46 58
72 35
2 28
2 85
6 99
8 4
46 95
65 54
66 68
71 93
77 80
78 48
93 47
94 79
8 56
17 19
17 45
17 79
19 93
24 58
34 87
42 2
42 74
50 19
51 49
56 35
60 7
95 55
22 33
31 50
50 78
70 20
74 74
84 17
84 85
6 74
75 65
8 61
68 40
76 10
88 73
16 53
85 99
95 8
0 3
12 18
24 6
36 32
59 67
91 30
92 97
0 91
9 39
28 1
32 99
36 17
44 44
53 28
56 81
84 46
95 26
96 69
97 40
0 57
5 18
16 86
23 62
31 80
40 9
41 91
52 1
55 53
69 88
70 54
79 31
85 92
96 75
98 47
5 23
30 29
34 78
56 65
59 21
80 65
97 33
6 91
14 6
16 27
23 42
37 25
62 12
78 24
89 61
22 91
26 47
28 68
45 81
61 32
61 59
79 77
79 56
86 82
