97
2 3
15 29
60 34
12 89
19 55
33 22
41 72
48 88
62 71
78 74
96 49
51 97
29 36
33 97
43 33
50 19
51 61
68 11
73 40
73 88
14 35
16 18
36 17
61 80
79 50
33 42
66 33
83 61
74 81
29 83
35 58
47 47
83 29
84 99
97 93
7 58
63 12
88 62
17 84
19 48
26 95
33 51
47 82
60 65
76 43
90 48
45 39
59 26
64 85
76 65
78 86
23 33
38 86
82 47
40 50
41 92
5 72
82 9
97 24
2 2
5 50
19 73
30 7
61 99
65 52
83 12
89 76
97 32
98 65
4 86
32 67
44 8
73 25
93 83
8 43
15 62
17 92
48 25
65 48
75 98
98 60
16 25
46 57
54 23
55 68
59 85
74 60
77 16
80 31
25 47
31 28
38 15
55 17
59 42
84 70
86 17
86 50
