112
18 29
19 53
63 20
84 73
4 56
9 74
15 94
28 76
37 31
40 11
41 91
45 54
50 39
63 3
68 76
82 7
86 88
95 60
96 29
12 69
35 67
50 22
7 51
15 79
3 30
6 8
22 4
49 77
63 57
63 96
64 43
77 25
82 41
96 5
4 94
17 18
22 43
28 97
46 95
63 28
68 1
73 95
83 55
95 47
22 50
22 81
28 27
48 47
60 67
71 16
77 0
90 14
7 89
13 35
29 62
41 18
84 62
11 53
86 3
0 1
26 5
40 4
60 89
71 79
90 95
94 33
98 61
0 74
10 12
18 98
39 67
42 81
42 96
55 15
57 62
71 56
72 31
91 81
98 66
0 48
13 67
20 22
31 32
49 30
55 16
55 90
67 72
77 34
85 17
88 47
22 92
23 77
24 13
42 72
44 7
56 94
69 13
78 63
82 77
91 3
0 61
10 27
17 49
46 62
65 82
92 61
11 90
30 10
62 14
76 13
10 42
11 59
