110
1 71
29 89
0 94
43 9
61 77
97 2
5 22
15 94
16 60
22 8
22 45
52 37
57 96
60 51
78 26
79 93
84 12
85 65
92 47
93 29
94 22
32 8
0 0
28 23
34 36
36 50
46 23
46 87
57 3
64 19
78 49
91 84
0 66
13 6
20 40
27 84
49 73
62 3
62 63
79 34
84 97
93 68
96 88
4 97
12 52
29 97
31 30
49 52
51 88
55 17
58 41
65 89
71 68
83 58
90 15
35 22
55 72
81 89
39 83
52 24
0 38
16 75
4 17
4 36
31 57
48 59
98 71
98 98
0 96
5 1
10 20
12 74
14 97
31 75
39 8
61 35
65 98
68 63
69 12
96 37
14 46
15 66
28 52
45 1
48 41
69 21
70 50
73 86
85 5
97 23
99 81
0 30
17 61
27 16
32 92
41 58
77 63
79 25
90 57
98 11
23 42
43 22
52 3
53 67
54 89
66 73
20 91
58 11
60 27
44 15
