115
11 9
16 82
69 29
79 50
2 71
21 26
35 64
53 54
61 79
65 1
68 64
85 76
86 91
94 12
2 10
42 72
56 31
75 20
95 92
0 46
18 67
26 97
29 38
43 4
43 40
46 19
85 30
91 63
94 49
4 57
9 43
16 5
29 58
30 78
32 93
53 62
57 45
66 81
71 6
76 64
99 69
10 22
16 74
18 92
35 44
61 23
62 51
75 12
78 40
80 82
11 50
64 75
70 27
88 39
7 69
43 55
67 42
87 85
0 95
32 17
45 99
48 85
59 94
73 98
22 0
36 1
50 3
83 0
89 13
98 49
99 77
0 12
2 39
12 28
16 46
21 60
24 17
57 7
69 95
91 17
92 33
95 63
97 95
0 54
3 81
26 24
35 8
35 59
37 79
40 93
52 39
92 15
1 20
7 87
19 53
21 39
48 14
54 66
62 89
63 9
77 95
79 26
81 53
94 9
96 55
99 85
14 13
24 73
43 47
57 53
14 60
63 37
65 19
82 5
90 61
