105
46 77
52 31
78 46
93 92
95 78
61 30
4 85
5 45
21 42
25 10
31 76
48 53
49 10
66 12
70 70
74 95
80 11
92 3
94 24
13 86
22 53
84 75
95 10
43 66
66 24
95 18
97 1
89 17
0 64
11 4
29 27
57 98
79 30
15 98
22 57
25 2
27 89
32 23
39 9
48 83
58 64
62 81
64 1
70 53
85 45
94 33
95 97
2 57
6 77
33 66
49 42
73 63
85 54
88 71
28 18
59 70
75 36
87 98
94 85
79 67
80 54
0 99
3 19
0 33
14 65
16 27
31 41
41 91
62 48
4 13
6 51
16 71
27 80
36 48
38 28
42 3
49 19
76 83
91 38
6 86
22 13
22 52
37 42
41 86
53 45
54 16
68 15
97 82
8 59
19 35
20 87
27 59
44 34
48 62
56 4
62 65
64 34
97 25
35 6
85 8
20 78
36 56
50 69
55 35
85 25
