106
49 94
10 94
15 79
53 25
2 65
25 99
34 88
39 58
47 1
55 43
58 11
61 80
65 57
78 42
89 25
95 4
16 69
36 79
40 45
44 24
51 60
46 90
60 48
27 85
0 0
0 17
14 40
20 54
26 1
26 16
68 94
73 21
78 7
80 61
81 80
94 72
98 36
0 24
1 90
3 52
9 12
25 36
39 38
40 18
41 72
59 27
61 0
85 88
95 21
23 63
31 7
65 14
87 42
1 8
16 93
60 87
68 37
82 72
30 78
48 44
49 22
85 33
57 18
93 55
0 32
0 75
23 22
69 99
79 6
83 97
5 46
11 33
22 52
36 53
41 4
56 80
70 37
80 0
84 57
3 89
14 18
17 38
26 27
34 39
37 65
55 0
72 79
94 59
15 9
16 78
24 91
38 24
40 39
41 88
67 22
9 50
30 66
41 17
56 39
59 9
82 66
8 22
71 4
28 15
51 7
42 31
