111
17 32
38 76
42 53
60 27
89 64
51 55
2 28
14 71
21 53
36 3
39 90
46 33
73 6
80 96
88 37
95 13
24 36
31 78
50 67
69 32
96 32
12 22
0 14
10 97
14 6
53 91
56 12
65 53
65 82
85 78
94 98
1 76
13 56
24 86
31 43
33 13
34 97
35 27
67 89
70 17
92 80
95 55
6 39
30 66
45 77
73 75
81 90
93 20
95 40
6 65
9 14
16 48
27 96
31 58
59 20
59 59
59 91
36 64
1 0
81 52
86 0
0 90
25 15
39 0
45 37
53 1
74 35
96 96
99 6
0 98
9 79
21 88
40 17
49 40
55 0
59 74
73 53
76 21
83 63
97 61
5 55
21 22
35 49
39 94
67 8
78 38
83 7
89 27
94 46
6 84
23 80
28 3
32 34
45 61
47 41
51 26
52 77
56 52
75 63
84 92
87 71
96 25
20 57
24 73
29 20
38 81
86 98
36 26
63 18
37 63
66 24
