109
10 10
3 3
15 15
41 62
58 59
78 88
1 18
84 85
11 88
18 70
27 36
31 83
31 98
41 4
45 33
75 65
89 70
90 6
34 56
92 18
26 71
93 78
13 33
16 52
52 14
52 87
57 41
60 2
69 49
70 34
72 10
88 44
2 22
3 86
9 99
32 11
40 26
43 42
44 74
70 92
76 35
80 58
83 22
95 53
7 74
16 9
17 89
18 23
92 90
97 64
19 41
19 62
20 84
51 35
66 56
74 78
86 11
5 5
0 49
2 60
3 45
20 0
34 99
48 98
50 15
61 25
62 97
98 3
17 47
23 0
26 24
28 38
48 78
58 60
63 0
63 27
72 70
73 11
80 99
90 43
98 84
0 29
23 98
32 21
36 47
68 84
96 69
0 8
7 63
11 38
20 56
48 38
58 27
65 8
72 31
74 97
76 52
78 72
12 75
16 16
60 50
82 65
84 91
6 54
24 24
34 36
61 19
36 40
86 74
