110
4 65
8 27
53 53
69 6
80 20
96 41
2 11
13 93
23 7
24 76
32 43
34 97
48 27
62 84
73 64
88 84
4 5
34 37
55 19
82 57
95 78
61 59
0 45
1 85
18 44
36 14
40 73
66 44
83 2
94 24
95 10
3 70
18 23
27 91
31 56
41 7
41 66
48 38
59 4
59 69
64 28
76 85
78 29
90 45
97 0
4 21
6 43
14 3
36 88
61 76
69 14
80 66
12 44
38 42
54 35
72 29
73 3
86 9
87 73
31 78
17 58
95 97
96 58
2 99
37 0
78 94
96 62
2 81
6 67
16 97
21 1
21 58
21 73
38 22
39 99
46 75
49 51
68 50
80 41
92 30
0 35
0 51
7 84
34 52
41 92
44 7
48 22
53 55
64 75
79 71
94 40
6 31
15 54
34 64
58 8
64 21
66 61
83 4
1 90
14 31
25 95
29 4
51 69
70 78
73 15
86 21
7 59
21 61
38 48
76 11
