116
24 30
37 18
62 83
96 12
5 59
28 50
32 92
56 20
62 46
66 63
79 42
82 92
89 58
92 82
95 39
29 12
70 66
83 14
22 39
37 28
70 41
65 75
0 29
4 79
6 16
11 92
15 4
27 73
36 62
40 79
54 3
59 97
70 23
73 3
95 98
13 74
17 59
29 3
29 96
40 58
51 44
76 85
86 66
87 23
3 22
18 21
30 45
55 72
63 24
93 48
95 30
3 67
27 8
8 25
20 47
38 67
65 33
27 60
0 1
0 82
0 97
6 39
13 91
39 0
39 33
45 85
58 5
94 5
96 77
0 5
19 78
28 89
44 44
46 17
58 57
68 5
72 58
79 35
87 98
92 53
96 2
98 69
7 99
11 54
43 63
46 41
58 31
58 77
72 19
74 56
84 28
90 83
93 39
96 20
13 52
17 30
30 2
37 83
41 11
55 12
71 70
78 11
94 62
97 87
36 38
50 34
83 49
92 16
2 88
37 48
69 11
80 64
89 92
90 33
90 74
82 57
