111
26 51
84 42
3 47
4 29
18 37
20 10
23 82
24 66
33 19
37 95
38 43
49 22
52 46
52 71
65 65
69 94
71 14
75 77
85 91
98 37
5 54
29 69
58 83
93 95
27 93
32 41
77 96
82 82
39 57
58 6
66 42
86 11
87 61
95 73
4 18
10 62
11 89
42 77
71 36
71 63
18 46
23 28
46 37
51 52
54 15
59 91
24 21
31 79
53 61
62 11
36 50
61 69
66 90
13 54
77 91
0 0
33 4
82 25
0 88
4 33
6 75
13 6
47 0
51 96
68 28
74 54
89 56
0 12
0 62
3 98
26 0
35 11
48 17
51 31
69 0
78 11
80 41
89 75
93 59
93 91
1 84
7 25
13 76
36 74
36 90
55 97
59 48
8 32
22 54
32 44
35 18
42 59
48 4
59 76
60 31
67 47
68 16
71 99
78 58
21 12
52 44
72 21
77 81
80 67
6 40
17 60
23 40
36 65
23 44
59 55
42 51
