111
5 2
11 54
25 42
50 51
57 92
96 40
55 47
31 68
55 24
58 66
72 6
76 81
91 72
41 49
60 83
95 66
98 83
48 37
0 78
11 29
14 79
17 10
26 95
29 20
33 4
39 89
68 31
72 61
80 40
82 19
89 6
2 53
17 56
19 81
34 53
35 74
56 16
78 64
89 87
93 28
13 22
39 14
47 27
62 41
63 74
71 91
78 0
7 81
9 63
22 89
25 12
55 59
78 27
87 59
90 80
22 51
64 68
84 29
97 75
26 28
40 92
52 7
75 97
76 43
89 96
95 0
96 14
96 48
0 83
2 24
3 45
16 97
19 0
19 42
25 68
33 30
40 66
50 98
61 18
62 3
64 35
77 78
13 14
16 28
32 99
33 37
36 85
41 7
60 88
75 14
89 13
89 54
96 93
9 43
40 22
46 43
75 85
82 37
94 27
4 15
25 59
25 84
42 59
60 38
63 24
78 70
28 45
31 21
62 80
70 20
75 34
