113
23 65
62 22
3 47
7 30
20 79
46 54
91 9
2 91
44 34
56 67
67 83
83 52
87 67
16 85
30 66
46 48
62 67
65 24
85 10
90 45
30 78
67 62
71 19
13 15
18 45
22 29
25 6
31 51
33 98
38 12
53 7
65 41
70 5
84 25
86 97
29 31
36 81
57 81
95 0
24 47
34 3
45 63
56 44
57 27
73 70
78 36
28 92
32 24
35 38
46 4
79 42
97 13
19 57
19 72
24 38
0 65
4 1
52 99
67 98
81 82
95 79
0 83
5 51
88 26
92 63
93 40
95 83
2 8
3 77
12 94
15 14
42 89
43 26
44 68
60 5
60 49
64 84
73 55
77 1
94 43
96 93
8 44
8 63
14 31
17 7
44 75
49 89
68 90
78 80
92 69
97 49
10 90
13 59
30 13
30 62
39 50
48 15
54 35
66 55
70 15
85 11
9 24
12 74
36 30
48 72
73 29
87 3
90 23
17 52
29 60
69 47
73 12
74 21
