105
61 78
67 10
50 21
61 48
83 40
2 18
5 84
7 43
17 32
22 62
25 76
40 89
68 24
82 58
87 90
88 13
96 57
99 82
9 74
33 71
39 27
49 75
72 38
86 27
10 23
56 67
76 10
93 90
95 21
80 17
2 58
15 94
36 9
39 46
71 68
72 94
7 9
18 62
21 38
27 22
34 91
49 40
55 89
74 54
91 73
95 50
6 80
8 95
54 27
69 75
79 95
48 52
62 33
64 48
92 10
27 29
27 67
33 80
57 73
85 47
97 36
0 33
4 57
22 12
29 98
30 49
39 12
58 9
83 76
34 53
43 97
61 96
94 66
0 48
11 75
13 24
13 39
23 93
24 15
35 41
44 80
58 53
63 27
68 82
79 33
86 92
92 27
39 37
41 20
48 89
53 38
68 64
71 15
75 80
80 50
89 63
17 80
31 63
66 41
35 80
62 69
71 24
76 70
82 84
71 48
