100
12 80
73 55
15 13
31 85
32 48
64 86
83 9
84 64
94 30
19 90
3 31
17 35
29 10
31 70
46 16
50 82
52 48
58 5
78 33
95 44
22 38
40 95
52 26
94 59
33 35
0 47
15 65
41 59
53 67
68 15
78 89
97 84
14 3
21 96
38 4
46 96
63 57
69 35
69 76
75 48
82 16
83 1
3 41
8 23
9 88
20 64
37 25
39 64
52 7
66 6
83 36
88 15
97 33
41 75
44 23
77 56
94 4
31 56
1 71
5 97
13 51
51 40
67 71
79 91
83 69
91 81
0 20
9 9
21 17
36 40
44 78
57 53
61 37
64 18
92 58
95 28
4 27
15 72
21 1
25 23
26 81
45 61
58 67
58 82
67 23
85 76
92 91
94 49
14 94
18 54
30 19
71 49
72 85
78 62
21 68
39 54
72 46
85 20
55 54
75 41
