113
51 19
17 16
55 4
75 25
83 39
3 38
5 6
25 35
32 91
43 35
47 88
55 61
68 41
69 3
78 74
95 83
60 28
52 13
1 82
10 67
18 93
24 71
34 16
38 73
71 56
76 91
86 54
88 13
91 68
95 98
96 25
0 5
3 47
16 22
30 85
36 98
56 50
57 88
60 67
67 13
76 2
91 51
92 82
93 6
12 41
14 8
17 67
30 20
31 62
75 40
76 65
82 20
21 85
42 12
57 38
84 87
93 57
78 54
38 23
82 45
0 97
34 46
0 29
0 52
3 96
18 0
42 53
56 99
70 96
93 29
97 0
4 61
14 98
19 40
20 57
23 3
31 99
41 67
46 38
50 0
51 84
55 65
69 27
74 70
94 29
3 88
6 20
26 53
29 34
53 24
69 6
94 11
95 43
5 52
13 74
27 77
47 4
64 52
67 20
78 81
84 68
6 30
7 10
21 25
31 71
39 87
46 27
73 34
79 16
92 77
19 9
61 6
65 20
