90
5 23
15 69
52 58
18 57
26 89
27 28
34 77
35 55
60 94
88 93
2 33
5 12
33 93
57 66
66 89
11 56
15 16
2 82
12 96
36 41
4 48
21 71
33 61
52 75
17 30
26 94
37 47
58 88
75 97
16 46
10 65
24 38
30 84
25 52
26 64
69 74
44 97
3 93
44 79
75 87
3 44
4 17
5 75
17 90
19 24
37 98
44 60
61 74
81 88
32 69
10 37
37 73
59 80
9 20
23 77
39 84
90 99
50 53
0 63
10 94
31 32
64 66
67 99
1 34
8 77
16 99
17 38
83 99
11 51
26 56
28 99
43 90
45 52
57 60
3 88
4 68
16 76
50 84
66 80
74 92
6 34
25 42
29 70
46 67
8 82
52 67
14 61
35 67
55 78
20 69
