105
70 3
20 8
71 80
42 73
67 95
71 31
84 8
53 72
62 72
10 87
15 30
30 55
36 95
39 1
52 48
67 58
94 41
15 91
28 29
63 29
73 59
74 19
0 11
0 44
1 61
44 18
82 70
86 53
88 83
95 21
2 28
5 65
14 9
16 77
22 96
30 19
39 87
44 61
52 39
59 97
60 8
73 39
94 78
53 82
55 22
58 57
81 13
84 37
96 51
7 23
9 71
20 15
34 64
56 32
78 74
48 90
59 81
67 66
2 99
14 50
36 41
1 85
15 55
25 0
38 41
46 4
73 94
87 91
92 25
95 64
28 99
31 24
32 78
46 22
53 7
67 3
68 45
81 51
0 19
0 76
8 37
15 93
27 43
35 5
40 37
42 96
48 67
72 25
81 53
86 27
14 13
54 1
67 10
80 88
86 75
15 22
44 36
45 84
64 91
66 38
28 12
42 15
44 46
54 64
60 65
