114
12 24
28 96
37 3
57 84
65 51
7 54
7 75
19 46
25 30
31 82
33 61
42 92
61 9
71 96
81 59
81 85
91 97
95 54
15 73
53 56
48 88
69 79
87 55
51 95
18 9
35 40
54 29
68 26
77 38
80 1
83 23
90 72
93 13
93 34
8 86
17 65
26 13
48 12
55 71
95 81
6 15
11 45
17 26
22 71
41 59
52 3
62 84
63 67
69 17
83 69
84 90
86 3
95 20
34 93
42 95
57 91
88 80
40 25
0 14
0 40
1 59
9 96
36 45
36 75
49 36
91 40
99 0
0 78
9 29
21 9
33 17
43 74
49 51
55 38
57 99
64 11
69 33
69 67
71 47
79 17
91 95
96 59
10 59
21 79
24 52
30 32
38 4
72 81
76 95
94 3
96 44
96 75
0 23
24 88
37 64
51 17
51 45
60 70
65 19
72 55
76 31
82 45
83 18
83 65
8 52
8 79
22 67
92 58
13 21
62 58
75 64
38 83
92 50
94 65
