97
4 3
11 7
25 25
36 38
64 69
83 88
13 16
19 7
6 93
8 40
11 70
15 53
20 96
29 84
42 9
46 48
50 23
51 62
67 1
14 78
23 40
35 87
73 92
78 3
4 18
12 49
17 24
53 65
25 20
14 4
26 64
55 37
66 48
73 17
88 69
90 45
96 98
28 6
57 8
68 69
87 87
7 99
10 63
12 84
28 46
31 22
35 95
42 31
72 78
31 43
55 42
58 56
93 92
17 32
26 95
37 15
81 77
61 57
18 16
28 34
42 74
49 91
86 23
97 32
25 67
36 58
58 22
63 92
75 56
96 51
0 84
0 99
3 30
47 5
63 7
76 13
81 50
94 36
95 78
0 8
36 81
97 92
9 60
18 0
20 91
21 72
41 40
42 90
45 23
67 68
17 47
24 60
73 86
9 19
22 79
31 28
48 12
