110
15 31
65 23
44 36
47 81
68 5
2 57
13 46
16 17
23 68
25 54
43 10
46 59
58 37
68 49
72 81
95 31
3 25
30 36
49 54
75 37
3 32
12 64
34 52
35 30
5 94
9 78
31 85
47 99
74 62
75 96
80 15
87 81
94 10
95 59
23 6
35 70
49 73
50 5
56 92
71 77
89 33
5 72
19 33
31 8
52 29
66 18
74 52
82 3
82 91
95 70
35 47
70 25
82 58
83 38
7 39
12 70
60 83
13 25
22 46
0 7
0 89
13 0
20 87
29 98
32 22
56 69
89 95
96 45
0 40
26 71
34 88
51 6
51 21
59 44
69 4
86 18
0 78
7 11
16 50
35 3
41 95
44 41
59 51
73 92
82 50
83 67
89 87
4 62
5 87
21 18
38 23
38 61
48 73
58 5
72 19
78 97
84 9
89 53
19 73
34 37
48 38
52 77
73 42
6 22
22 63
38 80
57 14
79 29
86 48
26 31
