104
0 1
0 17
0 33
0 49
0 65
0 81
8 94
28 2
28 18
28 34
28 50
28 66
28 82
38 94
40 10
40 26
40 42
40 58
40 74
50 85
52 2
52 18
52 34
52 50
52 66
60 95
68 2
68 18
68 34
68 50
68 66
68 82
88 2
88 18
88 34
88 50
88 66
88 82
8 2
8 18
8 34
8 50
8 66
88 90
0 89
9 78
28 90
58 2
58 18
58 34
58 50
58 66
68 90
70 10
70 26
70 42
70 58
70 74
88 10
88 26
88 42
88 58
88 74
10 11
10 27
10 43
10 59
28 10
28 26
28 42
28 58
28 74
40 1
42 86
0 73
8 86
40 18
40 34
40 50
40 66
48 78
48 94
60 86
0 9
0 25
0 41
0 57
52 10
52 26
52 42
52 58
60 78
58 10
58 26
58 42
58 58
87 96
0 98
27 96
68 98
12 73
42 80
57 72
47 72
