109
39 43
87 9
3 90
38 96
63 16
68 85
73 26
94 52
3 6
5 22
8 50
13 36
13 66
27 65
54 62
65 71
67 99
85 63
86 82
92 38
10 90
41 33
68 34
12 12
57 80
59 59
22 47
22 82
26 13
39 74
43 7
71 3
74 47
82 96
5 74
18 28
28 83
47 15
52 36
59 23
71 68
86 25
91 84
98 33
8 45
12 96
20 32
23 55
42 68
63 37
70 8
30 79
56 73
82 37
11 82
63 60
75 32
29 72
99 66
0 59
30 97
36 3
38 53
45 90
85 1
85 98
98 91
99 71
0 7
0 31
24 27
24 47
34 37
38 21
53 87
54 45
82 77
89 15
91 48
3 28
7 2
9 60
18 14
30 5
36 99
52 19
66 53
12 71
23 61
39 67
48 34
57 73
74 92
81 48
88 68
89 30
12 87
21 23
24 95
31 34
60 32
68 60
84 92
4 14
10 51
14 76
28 61
14 44
9 26
