108
10 15
7 54
16 73
55 74
69 68
74 88
21 13
0 76
10 90
44 7
52 31
71 8
77 38
95 48
96 82
17 59
21 4
48 62
57 79
75 62
75 81
80 37
96 93
1 29
16 36
25 47
32 80
34 35
36 21
37 94
58 48
74 22
88 21
89 63
90 6
96 34
4 97
17 88
34 71
39 45
64 96
79 95
99 62
7 60
8 6
17 43
50 78
58 58
62 28
73 51
80 78
9 72
21 53
32 43
86 92
91 43
24 79
43 70
65 82
73 70
94 55
0 3
27 0
34 59
40 21
42 0
49 96
53 9
67 7
89 21
94 1
0 18
0 53
0 78
4 34
18 95
25 23
46 44
53 27
72 7
96 19
11 39
14 0
23 93
34 65
38 29
44 88
48 13
50 60
73 1
79 56
88 73
2 86
65 54
67 14
86 13
96 24
5 45
15 79
28 65
51 64
55 82
68 88
81 28
82 86
19 87
78 72
71 77
