113
62 52
7 34
16 56
30 59
31 26
52 26
34 19
0 97
21 92
24 43
36 72
51 3
51 91
67 2
84 57
4 52
37 53
60 89
68 54
70 7
22 61
10 82
18 14
48 62
51 76
66 22
76 82
77 43
83 0
84 27
86 71
86 98
93 84
98 23
4 25
14 77
29 74
33 8
40 96
52 39
58 72
78 14
90 49
7 44
8 96
13 63
27 37
37 25
62 58
90 78
94 30
21 75
43 66
69 16
30 51
53 81
20 51
0 8
97 1
98 61
0 57
0 78
18 6
22 91
31 0
36 93
46 2
60 38
77 96
97 44
0 20
12 28
23 99
38 47
50 11
54 95
68 37
70 64
82 41
98 79
0 37
3 67
18 23
40 88
44 33
44 52
52 0
54 19
67 78
76 57
79 89
81 75
88 33
8 90
20 17
40 15
50 66
63 30
73 2
1 30
12 39
18 70
30 30
59 79
66 44
77 66
16 84
36 64
58 13
75 46
81 81
9 34
44 55
