112
22 71
1 34
3 64
4 50
17 11
23 94
38 72
40 25
45 88
60 88
61 35
71 67
79 52
84 89
2 28
21 2
61 45
69 81
85 42
11 28
21 83
53 80
73 78
0 95
19 43
31 13
33 38
43 5
46 56
62 6
72 16
77 30
78 2
86 69
98 77
2 89
17 61
22 98
46 12
48 97
55 72
64 0
84 15
90 63
10 4
12 78
15 22
28 28
30 70
35 0
60 23
72 58
85 22
25 12
33 95
34 23
54 94
83 77
75 67
47 39
96 33
97 8
0 0
18 45
34 54
47 40
75 32
75 95
83 0
93 47
98 86
2 10
48 11
49 63
57 50
79 91
91 28
3 36
8 60
19 28
23 98
24 66
28 84
42 78
43 26
54 64
57 98
61 17
70 33
71 47
75 12
89 42
97 76
13 42
14 3
20 26
29 38
54 0
61 68
64 83
89 18
92 43
28 5
36 46
69 5
70 92
16 17
37 4
74 25
77 61
78 81
80 31
