110
28 18
37 60
39 43
4 13
15 80
23 33
47 22
58 19
1 81
3 43
34 94
50 96
56 35
62 65
66 87
90 45
91 62
94 85
6 17
15 28
72 75
27 43
41 17
9 96
16 4
28 73
49 5
53 49
69 29
84 2
90 30
93 13
19 94
21 3
21 55
34 75
41 39
64 94
73 39
83 74
84 88
96 80
0 7
7 29
29 25
35 7
37 84
82 54
90 94
8 39
12 90
38 94
47 46
54 10
58 89
61 26
78 29
13 13
21 84
26 34
0 57
69 10
0 76
0 98
13 63
45 65
48 79
63 59
67 44
72 11
77 57
94 62
95 27
0 0
0 27
14 71
19 49
23 99
52 0
56 74
75 25
75 76
89 40
0 48
30 66
33 21
47 30
53 93
71 0
73 90
75 56
98 85
0 22
19 11
23 40
33 89
46 49
61 41
62 11
65 73
81 23
11 31
33 43
41 8
47 57
88 89
24 25
43 93
63 79
23 88
