114
41 13
53 45
84 3
1 12
11 63
15 10
15 29
26 85
27 21
32 52
39 65
50 2
57 61
60 96
70 75
73 46
86 69
18 53
39 50
68 65
50 54
2 52
15 99
26 39
39 93
42 36
50 74
64 32
77 95
82 22
91 36
91 54
94 81
97 22
98 2
11 1
11 72
25 2
55 81
97 67
9 45
13 20
33 7
34 83
36 29
56 35
63 80
72 24
72 56
83 33
86 10
28 96
32 61
59 43
80 56
18 40
23 25
32 43
46 60
87 25
63 8
2 77
2 99
19 84
25 68
47 20
64 0
73 90
98 53
0 16
2 48
5 33
34 0
47 94
66 17
74 99
75 41
79 76
97 78
0 66
13 91
17 67
30 25
38 74
40 15
53 2
53 75
58 30
70 8
86 52
4 26
18 45
32 90
40 37
46 51
58 59
67 47
70 71
84 74
92 32
24 73
25 58
39 5
45 69
70 39
81 58
21 92
31 21
48 34
64 75
53 49
81 48
59 44
46 45
