109
9 0
26 28
89 67
96 11
90 79
4 77
10 90
22 14
23 52
33 3
36 38
38 55
50 36
56 54
59 23
84 24
13 73
68 13
46 60
51 57
4 30
6 14
31 97
36 71
39 22
45 92
49 77
63 71
67 43
73 61
73 97
95 93
96 32
9 52
11 34
16 68
44 13
53 91
61 2
66 29
74 85
78 37
82 15
91 4
14 48
21 61
29 11
33 88
53 17
53 76
78 76
94 72
96 90
30 58
65 51
75 17
89 32
13 78
35 66
42 48
59 34
84 83
48 71
77 29
22 65
54 69
76 0
83 51
0 49
13 1
52 0
59 91
87 48
0 25
19 86
25 36
27 0
29 96
68 66
87 53
94 1
94 97
96 36
14 26
41 20
43 98
44 39
60 16
69 4
90 18
90 64
99 79
20 9
26 79
60 46
69 67
74 14
9 63
32 49
42 88
44 24
83 42
86 69
91 26
46 16
46 81
51 30
54 62
76 7
