201
3 14
4 63
61 5
90 93
0 28
0 43
0 77
0 92
4 0
12 51
13 35
13 84
16 8
18 70
18 98
19 22
25 44
26 58
27 81
28 0
31 30
33 14
33 96
35 69
39 49
42 1
42 82
44 23
47 37
47 61
47 97
54 74
55 49
58 21
58 88
61 35
62 62
68 77
69 47
70 96
71 15
75 0
75 33
76 61
82 74
83 45
85 10
89 26
90 58
96 0
96 39
96 71
99 14
0 59
0 95
46 0
74 98
82 78
89 96
96 56
96 79
97 42
0 5
0 20
5 77
10 49
13 65
14 1
14 23
14 90
21 40
28 16
28 83
33 30
34 55
41 42
42 17
47 77
51 93
54 35
55 7
60 21
68 0
68 73
69 32
74 47
76 19
81 60
82 1
84 31
94 21
98 85
0 35
14 27
19 0
19 64
28 95
30 9
39 65
49 54
52 72
53 93
78 83
86 95
89 1
93 42
95 65
96 21
0 71
1 49
4 91
19 84
27 34
28 53
33 78
33 93
46 7
47 21
53 58
56 41
60 91
67 57
77 44
98 28
4 21
4 98
5 35
14 69
15 45
19 5
34 33
35 47
53 2
54 78
56 19
64 99
67 65
68 7
72 22
75 77
82 63
84 88
85 16
96 51
5 57
14 19
24 56
28 75
33 6
44 58
49 39
62 47
75 28
88 7
89 72
93 35
0 81
14 79
19 37
28 24
40 8
61 26
61 70
67 84
77 59
90 15
90 75
91 49
4 42
19 91
33 83
35 45
45 28
47 82
60 55
61 41
75 5
92 86
5 28
18 14
18 49
27 63
47 15
61 11
61 76
70 37
82 53
84 34
5 68
5 83
19 29
19 75
33 19
39 72
41 40
47 27
54 63
75 69
14 55
49 52
58 28
