110
1 56
3 94
2 21
27 38
32 82
91 67
3 28
92 58
94 78
2 6
9 68
20 58
25 5
43 15
49 81
60 70
62 43
79 34
18 73
30 30
32 6
9 20
44 8
61 82
18 92
32 66
40 94
52 31
57 14
62 97
65 2
75 85
85 16
91 3
93 41
0 70
4 84
14 49
30 21
57 61
71 9
89 83
18 10
19 44
71 98
85 39
2 62
22 53
22 81
39 85
42 22
62 9
20 15
28 73
9 61
36 52
68 24
71 54
91 97
1 40
3 1
42 38
45 98
50 51
55 30
71 59
82 20
83 69
0 89
6 37
10 99
39 0
44 74
53 86
62 75
73 0
78 55
79 83
89 24
91 9
8 6
20 30
32 91
33 49
51 27
53 45
54 95
84 53
88 91
0 18
11 3
33 24
37 71
52 10
52 67
65 61
68 83
77 11
79 73
87 34
92 89
35 20
53 25
88 72
37 28
58 52
59 15
59 89
51 74
86 76
