118
66 16
26 5
93 71
13 90
25 25
25 63
40 23
43 90
48 11
52 38
72 3
75 78
82 17
92 94
18 93
25 75
36 64
28 20
3 23
5 55
8 41
53 79
55 52
58 99
61 65
68 45
72 96
76 60
92 38
95 9
95 24
1 94
9 18
12 55
40 3
43 97
44 66
58 21
83 61
85 90
99 84
18 68
26 11
31 77
48 50
57 91
61 58
67 72
76 6
85 23
27 25
45 20
89 80
96 18
17 13
86 30
84 12
34 14
0 7
0 69
22 39
0 38
0 84
8 2
25 44
27 91
39 45
59 1
64 30
84 47
96 0
96 67
96 99
99 38
0 53
2 73
3 98
14 34
39 82
43 2
67 36
67 78
77 97
10 80
15 65
22 3
22 89
34 52
47 73
51 33
52 14
64 22
65 50
75 74
80 53
89 0
15 41
19 57
26 74
29 34
62 7
64 93
68 20
84 75
51 45
52 65
66 86
92 77
5 62
17 18
17 79
32 67
46 23
55 75
57 32
76 89
18 31
67 15
