116
82 51
38 85
76 85
1 37
2 9
17 80
26 32
40 36
41 7
61 7
81 19
91 81
96 92
50 1
82 79
2 99
3 23
3 81
8 64
16 97
17 16
19 46
21 2
28 57
35 21
41 63
49 20
52 81
54 34
63 23
63 54
68 68
88 64
91 3
95 17
97 37
98 54
2 43
21 74
34 91
45 58
55 87
77 97
6 38
12 20
21 53
35 48
35 96
66 60
88 21
91 90
20 20
30 8
46 12
75 66
8 10
34 60
48 94
87 13
51 9
68 39
82 34
2 67
3 84
50 48
62 91
79 0
85 48
96 0
0 23
13 0
24 79
44 72
49 97
53 42
58 68
66 14
81 99
92 61
98 22
99 42
4 95
10 58
24 60
29 74
34 28
49 26
59 37
60 83
72 69
79 26
93 88
95 62
12 33
22 88
26 16
38 1
41 42
55 23
73 64
83 31
85 76
96 87
0 14
9 49
51 58
56 77
89 49
27 52
34 13
41 28
56 92
64 75
11 14
52 12
82 62
