113
11 78
23 67
31 31
55 67
58 21
84 16
87 71
93 28
2 67
5 35
11 12
38 91
64 78
73 29
75 2
88 47
29 64
42 35
68 89
88 32
92 12
65 24
78 80
5 53
30 2
37 17
52 45
66 56
84 93
95 84
0 6
2 26
16 28
25 93
55 94
56 36
69 42
90 3
93 54
1 45
4 75
5 2
30 23
35 67
56 78
68 70
73 12
78 46
91 95
96 77
60 52
76 69
77 86
64 35
2 98
19 52
33 47
48 4
0 21
8 92
16 11
17 81
38 49
39 91
45 77
56 0
56 98
97 60
99 14
0 53
15 37
16 95
18 14
23 0
32 16
38 53
51 59
59 7
78 30
84 66
95 46
6 71
22 38
26 68
30 87
38 14
52 50
62 96
67 9
70 62
79 50
6 40
30 50
31 98
57 31
59 71
87 6
9 26
20 12
34 23
62 13
62 49
72 23
78 36
88 20
9 32
30 61
31 40
56 67
5 18
80 21
56 44
59 63
