112
18 77
20 47
56 55
56 78
71 6
88 37
66 64
9 5
24 10
42 42
54 92
55 22
71 46
78 21
96 11
24 41
26 56
55 29
92 36
97 22
60 86
2 53
2 68
6 19
35 77
39 4
96 89
14 34
28 19
33 54
39 83
41 11
47 56
56 36
69 72
70 24
71 0
72 41
77 60
17 55
22 82
42 21
49 76
51 61
56 43
56 95
78 2
81 20
92 46
60 50
62 18
72 58
74 72
87 22
45 34
59 77
75 52
43 50
62 38
83 44
0 92
13 98
28 95
73 93
88 69
1 0
1 72
7 33
77 99
86 86
91 8
94 53
94 98
99 67
5 83
9 97
20 14
27 41
28 2
30 70
45 5
59 1
73 78
96 52
1 63
10 51
17 96
34 20
36 66
58 98
59 8
85 64
97 32
8 76
41 79
44 65
63 22
82 78
82 95
84 6
28 55
43 14
57 58
63 92
69 32
86 36
45 83
58 57
65 10
69 66
28 10
54 69
