116
24 38
38 54
30 47
3 82
17 5
27 92
28 22
31 0
52 96
56 7
59 59
63 33
73 57
94 31
33 27
38 7
60 95
61 69
64 6
0 9
1 34
5 68
17 80
44 39
67 82
74 96
76 20
76 39
82 80
87 54
90 12
95 90
6 56
8 25
14 40
18 96
21 19
21 54
41 15
41 56
42 90
51 0
52 27
54 49
69 0
88 72
93 46
9 10
55 71
60 11
66 97
68 51
81 16
87 89
23 8
52 55
26 30
37 39
67 8
94 82
42 45
2 96
25 68
0 48
28 67
36 81
62 37
79 34
98 17
0 87
5 72
32 95
41 82
42 65
48 20
68 23
69 72
76 98
78 61
82 7
86 49
97 38
6 35
7 49
10 67
11 18
13 93
19 0
20 34
37 0
54 82
58 40
83 68
23 48
26 84
37 60
39 14
61 85
66 28
83 40
85 65
9 32
10 76
50 45
66 58
13 71
25 8
27 54
59 80
68 91
69 65
74 9
28 34
78 48
29 13
31 52
