114
74 35
88 44
1 25
7 45
15 65
22 29
27 15
46 34
66 88
76 13
78 98
85 68
88 82
92 24
8 25
54 31
73 82
96 38
70 23
3 37
0 82
7 5
17 83
22 47
27 73
31 88
41 6
44 55
49 77
60 50
69 61
0 51
18 15
37 26
49 83
50 19
53 63
64 21
66 47
81 11
83 97
89 54
94 88
4 21
6 81
14 48
17 68
68 71
72 42
82 31
97 73
16 43
39 83
55 21
74 51
80 79
86 17
92 47
16 58
58 41
60 59
80 37
89 88
80 86
1 96
21 0
54 0
0 59
25 95
29 52
31 67
40 97
43 48
55 4
64 97
0 11
20 14
30 34
34 11
45 62
49 93
52 77
70 5
82 68
94 10
96 28
0 39
23 81
36 48
41 11
63 74
69 19
97 42
6 64
22 21
24 37
48 39
55 10
65 83
81 53
0 29
9 40
11 62
32 25
47 24
64 41
72 96
77 28
20 63
54 87
60 18
88 40
7 30
48 9
