118
2 14
25 19
68 47
10 33
15 76
18 50
27 84
34 46
55 32
60 11
60 66
73 79
74 62
78 14
79 31
95 93
97 75
30 28
30 88
78 83
63 55
0 89
3 46
10 99
22 5
25 63
36 72
38 2
48 80
57 94
70 1
90 6
3 71
5 10
5 28
36 51
59 71
61 88
62 25
71 43
80 65
91 35
97 65
6 76
11 47
22 90
30 4
35 37
53 57
67 92
76 20
84 6
87 80
32 15
50 71
61 45
78 42
89 13
2 37
23 42
63 81
27 47
53 64
41 97
46 14
88 52
99 23
0 60
15 0
16 19
49 34
53 0
71 98
86 95
97 0
97 39
2 85
3 99
28 68
33 99
44 84
48 98
64 9
91 20
95 57
0 23
6 7
10 70
14 90
23 27
52 27
54 43
68 26
75 46
78 79
98 7
5 43
11 56
26 82
31 23
40 76
59 6
63 97
88 60
6 92
28 91
54 38
69 33
72 57
80 84
7 18
29 77
34 94
52 88
81 75
61 51
64 82
65 33
