117
0 32
18 65
76 38
1 4
13 12
23 43
31 6
36 99
37 71
43 14
47 45
64 89
79 79
94 15
7 68
27 53
47 19
79 27
79 89
3 21
8 54
9 90
26 27
43 84
50 1
51 70
59 31
77 52
91 47
93 87
1 39
25 94
26 77
31 57
55 61
55 92
57 5
58 75
61 38
77 67
85 11
94 53
5 79
10 22
30 37
40 0
53 25
81 60
86 92
5 62
38 14
46 93
65 43
80 41
5 11
14 60
19 32
31 48
66 28
73 33
70 14
96 30
0 93
21 98
23 1
44 38
56 56
68 98
81 3
99 98
0 53
4 35
4 99
29 20
35 65
38 85
57 8
62 61
64 79
67 18
82 75
87 1
91 63
93 23
94 37
13 46
28 0
39 69
41 47
60 94
70 51
73 5
78 93
94 44
96 20
7 73
18 18
28 34
39 21
40 79
46 49
53 6
53 22
78 19
20 47
56 39
57 70
60 53
79 84
81 26
91 53
36 55
44 23
70 57
56 46
72 85
82 45
