110
67 20
15 23
28 55
46 39
50 94
52 64
87 40
94 23
5 53
16 67
20 87
32 78
55 6
55 50
61 75
77 60
91 74
18 30
39 78
40 44
54 25
65 44
96 14
6 59
42 91
0 91
26 12
75 8
75 74
81 99
1 23
3 43
7 96
21 53
24 93
27 31
42 58
73 43
88 43
92 83
93 2
5 19
33 94
46 79
54 33
56 68
67 16
85 22
89 52
96 71
14 88
17 50
32 39
38 99
63 65
70 50
79 36
85 86
15 98
22 84
48 67
5 1
40 14
67 88
95 97
0 77
14 71
18 7
94 56
97 30
0 9
0 33
26 10
28 59
33 27
42 7
48 20
56 92
68 24
70 93
75 57
80 9
94 5
12 32
28 75
33 45
36 59
57 10
78 67
94 75
95 39
12 14
14 81
29 24
33 8
42 74
47 29
50 55
55 41
68 35
82 32
98 80
14 96
51 11
63 19
84 61
17 21
36 50
61 26
84 76
