99
97 1
2 3
33 39
86 90
88 50
12 13
13 76
14 54
49 6
54 31
94 78
19 93
27 65
42 96
62 0
67 37
79 6
3 54
15 43
17 17
27 35
38 1
45 24
53 43
75 30
82 58
6 2
7 67
21 51
45 40
1 97
28 79
31 18
48 75
57 60
61 88
70 67
90 34
59 25
64 52
69 90
73 19
4 20
23 86
32 7
74 52
84 17
90 54
35 15
81 38
2 10
25 44
71 57
76 48
38 56
23 65
34 99
39 56
41 70
48 97
49 10
65 7
73 72
80 99
91 14
94 32
33 32
46 69
54 81
62 95
76 2
79 80
91 89
15 79
19 36
34 78
39 92
50 24
53 52
60 1
60 79
65 22
93 20
23 58
25 21
56 46
56 95
61 64
76 89
77 16
28 91
37 18
45 30
47 57
54 10
67 42
68 27
85 52
89 25
