110
42 88
49 52
50 37
69 44
1 22
7 98
10 80
14 32
25 22
31 42
34 67
40 25
51 66
55 81
66 30
66 91
91 75
47 20
62 45
95 73
18 44
31 18
51 91
55 77
43 48
0 59
17 63
34 3
60 7
68 69
79 17
80 33
81 3
81 62
95 6
0 28
12 77
29 88
74 87
96 87
8 40
8 55
23 50
32 35
40 54
45 16
62 97
66 13
70 50
76 73
89 61
71 31
84 10
18 33
35 12
52 45
59 58
64 83
60 88
71 38
11 4
86 46
94 29
0 95
10 18
14 94
26 79
28 93
87 46
90 89
96 21
11 12
14 61
32 37
35 61
36 75
46 92
66 6
95 97
96 48
0 47
24 21
28 7
46 34
48 18
73 59
83 76
84 18
86 32
8 62
12 36
14 84
26 48
39 69
52 98
75 64
92 65
93 14
23 24
42 8
44 72
55 36
59 78
82 80
5 27
31 21
38 40
76 47
38 22
52 88
