115
7 16
17 5
43 39
73 81
56 40
1 65
13 94
28 58
28 87
29 15
64 52
68 2
77 96
85 70
87 40
6 22
34 90
43 49
67 59
68 9
82 79
2 36
7 50
9 77
16 32
31 72
42 9
45 76
68 32
91 95
93 26
93 58
2 7
12 51
16 73
26 46
38 24
68 66
77 45
95 73
16 27
18 88
38 35
42 64
56 57
57 35
61 11
68 77
4 39
15 13
21 67
29 79
32 48
35 12
71 49
84 90
88 65
12 83
27 71
45 99
54 87
87 3
46 23
47 3
54 72
58 91
69 27
83 26
91 40
92 6
0 71
17 97
23 31
30 1
40 95
50 21
63 95
76 12
84 26
91 90
14 56
31 31
40 50
43 7
46 73
71 34
74 64
90 51
96 34
99 66
16 35
19 59
36 88
43 57
51 7
55 49
58 65
59 79
69 12
74 82
83 95
18 38
19 89
28 62
40 42
57 26
70 18
24 21
59 63
81 38
8 65
18 51
45 17
79 86
18 83
