116
51 87
53 35
62 51
66 17
75 42
12 96
14 50
20 77
30 90
33 29
35 70
39 13
78 3
79 90
88 55
92 84
39 79
49 7
18 95
58 7
2 21
4 37
6 6
10 64
25 60
26 4
40 44
47 59
63 65
79 70
89 13
98 65
22 30
23 44
47 30
47 95
53 76
61 33
82 74
91 47
97 84
15 9
40 5
41 53
54 97
68 3
71 52
11 40
20 68
53 54
56 19
60 87
71 62
98 55
26 69
83 82
88 66
36 64
92 76
1 75
83 29
97 27
0 59
0 91
18 16
32 96
71 99
72 17
85 97
91 9
91 41
0 9
3 96
6 81
33 26
37 49
53 72
54 0
65 31
77 39
96 8
6 58
9 21
18 36
20 3
20 84
32 11
34 87
39 28
42 99
66 48
67 67
75 84
94 38
4 89
22 62
40 13
46 79
71 13
85 56
96 43
24 51
30 87
46 45
49 29
49 68
62 75
63 25
72 63
14 85
31 41
44 83
46 9
64 10
55 62
78 47
