96
25 14
16 25
6 13
4 57
16 78
75 18
1 2
21 83
29 4
28 19
12 95
24 63
50 89
53 5
67 91
95 31
1 21
11 53
74 25
12 26
17 68
20 9
11 20
26 97
48 65
54 23
58 76
59 51
65 37
67 64
80 58
83 72
86 8
88 46
94 60
0 66
15 1
18 50
51 98
65 14
69 87
81 32
86 82
92 1
93 23
98 56
13 98
30 74
59 27
60 44
62 68
88 76
94 7
97 37
7 73
56 12
59 97
75 84
84 55
11 88
72 65
80 22
9 63
21 71
20 17
26 49
69 3
74 45
0 81
25 32
25 89
50 83
94 81
0 26
1 90
29 88
65 97
67 4
73 50
94 62
96 8
96 45
2 96
65 82
71 35
73 94
78 5
89 22
97 70
16 97
24 12
85 41
13 59
80 17
83 52
19 92
