115
0 5
43 40
3 80
12 32
15 47
17 67
25 24
30 50
33 86
49 83
51 62
56 24
66 79
77 58
83 14
91 63
97 2
7 11
26 18
50 76
26 75
41 89
64 66
85 4
86 57
5 96
27 3
55 10
55 97
59 47
71 32
72 92
81 81
85 38
96 47
96 79
19 81
35 34
37 53
54 31
60 9
79 95
86 18
99 36
19 39
20 17
34 13
43 60
50 45
68 17
72 55
73 77
94 63
42 32
63 87
19 8
36 81
78 87
79 63
18 27
33 40
71 83
0 45
3 59
20 99
93 93
3 19
65 0
71 39
85 33
97 17
0 0
0 49
3 26
3 87
11 99
12 68
26 56
31 70
46 13
51 59
97 21
99 7
4 3
9 82
49 4
49 27
60 46
60 96
71 30
74 97
78 7
82 41
88 94
14 10
45 68
57 79
58 60
60 14
86 42
26 33
34 49
39 25
57 38
65 52
87 47
10 24
21 9
67 38
85 85
27 26
36 43
54 69
88 38
46 41
