113
2 85
7 40
44 3
67 85
90 56
22 73
37 38
51 45
64 58
66 4
74 20
84 91
90 29
96 78
10 84
51 10
96 25
96 60
39 47
0 27
0 60
1 8
6 99
20 94
24 27
30 60
36 74
46 61
47 94
52 24
76 43
77 74
85 9
96 42
12 70
49 68
50 83
55 38
63 65
67 30
69 92
81 76
95 11
0 94
2 17
22 60
24 83
26 43
54 91
59 44
69 58
82 48
95 71
43 31
43 51
82 64
15 91
46 41
29 9
2 45
3 1
14 53
18 22
22 41
27 99
30 1
37 21
69 4
83 0
87 89
99 3
1 63
4 24
34 84
43 7
45 99
64 99
70 35
75 20
84 31
97 56
98 17
98 86
7 76
9 39
27 57
30 23
35 70
52 0
52 67
56 82
66 9
70 95
80 2
41 55
51 97
60 58
73 34
76 58
84 43
86 28
8 31
15 64
25 76
29 46
43 70
65 49
77 67
89 24
90 60
92 38
29 65
82 52
