113
29 27
65 54
34 50
37 8
49 26
90 94
93 72
8 81
10 27
16 62
26 78
43 39
48 82
70 85
75 68
84 33
90 16
18 51
39 14
53 41
83 96
17 20
25 43
35 78
51 31
4 50
49 96
51 5
64 98
65 17
73 42
85 54
98 32
1 36
12 91
15 68
35 67
55 2
7 16
20 37
30 10
39 59
67 61
68 47
68 77
78 20
88 43
88 60
97 24
14 24
33 45
44 18
56 12
51 67
69 3
88 0
0 15
8 98
18 4
21 92
51 51
55 83
82 81
95 75
96 3
97 97
99 50
0 84
3 43
7 64
30 64
33 1
39 84
65 1
75 34
77 9
10 47
13 9
17 76
22 36
44 65
52 77
54 26
62 90
72 71
77 88
78 24
90 69
91 5
3 73
21 58
22 10
22 84
38 22
38 45
45 90
84 86
92 25
93 57
6 57
24 25
25 1
47 42
58 74
74 61
75 43
83 10
91 83
16 84
26 50
62 81
33 36
40 31
