112
4 65
51 52
27 52
29 95
87 97
34 43
0 91
2 49
16 35
27 24
44 91
45 28
49 0
53 15
64 76
76 85
78 71
89 33
29 13
59 25
92 46
44 42
4 13
16 5
26 81
33 65
58 93
62 42
69 55
73 27
87 12
91 60
92 80
98 21
7 46
9 31
13 72
19 59
20 94
34 79
48 56
60 69
76 22
95 6
98 93
0 60
6 3
43 84
57 85
61 36
93 38
97 59
12 38
16 24
51 25
81 81
82 59
36 31
63 1
76 41
0 29
0 96
10 78
14 97
30 1
37 14
45 0
65 97
70 0
19 66
21 49
57 67
61 15
65 50
72 94
73 7
90 99
97 73
98 44
3 93
20 11
33 17
33 74
50 81
52 0
71 69
75 38
76 87
79 24
84 53
89 14
97 30
8 48
16 86
24 30
30 57
33 2
42 14
45 32
57 83
58 45
59 29
90 74
5 66
27 71
60 91
61 62
73 44
10 62
27 75
51 41
62 83
