87
95 35
94 2
27 18
37 26
95 28
26 94
28 3
66 26
56 93
28 9
27 59
55 73
93 73
84 37
96 45
36 2
9 53
54 0
26 83
50 26
83 1
84 71
92 54
56 27
83 26
97 22
0 73
9 84
16 36
40 84
71 83
73 13
12 91
25 36
25 51
25 73
50 94
83 57
57 37
64 84
82 16
93 7
14 85
15 60
47 85
93 67
61 28
84 47
0 9
0 33
43 51
72 97
86 98
0 57
2 27
24 99
44 58
57 3
61 70
71 58
92 93
0 80
3 94
9 44
14 26
15 71
16 4
28 44
29 65
41 17
48 40
56 96
60 13
73 36
27 79
40 89
98 36
15 50
17 96
79 7
92 14
35 83
54 87
17 41
60 92
88 23
26 87
