104
57 25
9 36
42 56
54 94
82 64
93 36
51 34
1 10
2 67
10 52
31 91
33 30
59 53
59 68
67 83
76 49
77 28
90 76
6 24
15 35
45 66
53 88
75 70
95 85
54 47
20 63
27 15
28 50
36 4
66 14
81 87
88 18
96 51
0 51
8 72
24 96
32 82
43 2
92 10
96 92
0 28
19 39
42 24
42 78
49 43
51 67
73 88
74 38
76 55
91 25
92 47
8 66
14 25
18 53
34 11
22 30
64 51
88 86
8 42
0 92
7 92
12 11
14 79
49 11
62 99
63 12
79 6
10 97
17 10
27 70
33 57
47 99
55 30
71 24
71 97
96 32
27 16
35 85
40 44
41 71
56 82
60 33
66 5
70 77
73 63
80 10
83 98
85 71
98 46
0 18
3 78
18 56
41 10
43 38
55 98
59 61
84 48
87 72
16 70
47 52
72 10
57 88
76 20
83 83
