114
87 5
2 83
93 28
94 12
11 49
26 65
28 14
30 93
36 77
42 55
44 16
53 73
54 29
57 10
63 83
71 26
94 71
95 42
19 45
69 4
80 22
36 7
76 10
82 29
0 35
2 11
15 92
18 4
30 29
45 93
56 50
58 99
68 68
74 98
76 47
85 83
97 56
4 20
4 73
26 58
55 36
60 54
71 84
80 54
6 89
12 55
33 71
42 82
57 69
60 4
63 40
64 99
84 62
97 50
40 66
78 91
91 36
59 59
79 73
83 15
49 80
18 77
39 40
99 85
0 40
9 24
11 0
31 99
32 0
42 20
0 87
4 58
9 98
11 72
13 20
24 37
35 47
41 1
44 60
58 14
68 42
92 89
97 16
18 70
20 86
28 20
38 30
43 44
47 0
58 19
59 92
73 1
80 45
1 49
10 38
25 46
33 80
56 54
62 73
65 38
69 60
90 5
27 66
35 15
40 49
49 14
59 25
68 78
72 15
84 51
89 21
26 73
42 10
56 22
