114
34 42
7 70
13 90
44 60
47 91
87 23
92 90
0 48
25 80
47 35
60 65
66 49
68 33
72 91
80 43
18 98
34 76
40 97
51 85
67 75
70 55
71 23
89 51
0 22
13 54
14 32
19 3
28 63
30 12
48 19
59 99
83 69
87 4
2 65
3 80
27 38
33 7
46 50
51 35
62 18
79 83
17 59
18 93
31 32
34 83
55 84
83 44
86 58
13 44
58 79
73 26
83 84
11 80
27 85
35 38
54 93
55 57
79 58
42 87
0 3
1 99
13 16
47 3
68 5
96 75
98 13
0 31
14 17
69 0
73 96
82 9
88 29
88 98
99 89
0 94
6 3
26 60
28 14
40 55
43 72
91 72
93 36
8 19
18 73
33 18
54 62
66 19
68 77
71 56
79 98
86 9
93 94
3 85
4 55
16 26
23 4
25 53
38 47
44 14
82 37
0 13
7 69
31 60
38 27
47 58
76 75
27 74
43 41
51 53
64 59
83 79
32 62
74 50
93 80
