107
70 3
14 39
59 42
65 93
84 47
90 5
94 37
24 22
29 92
32 45
48 58
50 86
65 73
66 18
82 86
95 60
7 48
33 54
67 62
75 24
87 32
88 88
94 15
14 45
38 91
69 80
80 13
0 11
4 62
8 91
28 72
37 1
42 18
79 70
9 97
11 69
19 9
22 88
38 71
47 28
64 36
96 84
0 49
53 80
65 88
74 6
78 32
78 98
80 63
93 6
3 36
17 32
20 99
33 62
52 35
51 2
3 26
3 76
12 3
30 26
57 15
74 46
92 99
95 61
98 20
98 78
0 97
13 2
13 66
17 82
34 96
42 34
44 73
50 49
51 94
54 63
58 15
81 70
98 23
1 55
21 2
31 19
36 85
57 99
59 67
60 47
69 32
78 53
88 42
93 56
35 53
44 13
45 43
54 26
60 50
69 6
74 94
77 18
82 73
92 83
97 9
44 64
61 77
64 47
47 18
66 71
85 14
