107
11 2
39 58
58 22
61 95
65 12
3 99
8 30
13 85
14 43
20 68
23 30
33 45
33 96
39 10
46 31
54 59
61 38
67 70
88 83
92 22
35 85
47 8
73 67
38 90
53 15
6 16
19 98
20 15
71 28
78 93
89 48
95 65
0 37
5 84
16 54
26 64
28 46
29 4
40 65
47 45
54 94
65 7
68 42
81 66
94 30
1 21
21 23
21 86
41 79
54 44
61 83
79 34
97 37
8 38
8 98
34 51
34 66
43 16
75 77
79 55
48 53
55 31
35 74
0 54
79 14
85 0
98 9
1 51
13 0
37 31
87 0
94 84
96 51
8 76
43 1
48 77
54 97
55 61
62 1
72 27
81 90
16 50
17 64
25 5
35 22
65 87
69 58
87 63
90 4
19 71
27 86
28 42
61 5
66 21
68 82
76 2
80 20
86 36
29 11
31 36
35 65
44 26
50 39
51 84
43 72
48 7
24 67
