109
84 73
60 55
37 94
42 25
92 33
42 35
3 21
3 91
6 6
18 43
24 86
40 69
41 50
61 74
76 35
34 21
44 94
68 67
92 68
32 27
3 42
28 6
55 9
57 88
69 8
69 97
78 86
79 54
83 5
91 92
94 50
97 6
3 98
8 84
22 94
23 39
27 69
29 52
54 68
58 46
77 29
83 13
7 50
34 48
38 85
40 14
49 30
51 91
60 5
65 37
67 74
72 88
80 47
92 60
66 51
75 13
81 88
91 7
31 79
32 35
35 56
65 89
86 82
15 94
31 88
0 64
17 18
0 37
2 70
17 19
17 62
39 0
56 23
90 99
91 25
4 56
10 76
44 68
92 39
94 54
96 92
97 8
98 68
11 28
31 13
39 99
46 36
47 11
49 50
59 30
72 64
73 49
77 0
78 19
20 47
53 81
58 95
75 71
88 19
29 96
35 21
41 61
66 25
80 43
83 3
28 42
41 15
64 82
40 34
