113
11 11
17 31
20 44
6 71
24 86
25 58
33 23
47 45
59 35
61 20
74 61
78 13
79 34
81 74
93 66
96 36
15 5
33 83
40 28
81 20
26 49
67 33
0 20
1 87
48 68
54 84
61 1
65 74
86 48
89 1
89 86
2 96
10 30
20 74
21 0
38 85
53 13
74 85
94 60
94 89
96 7
1 12
3 76
24 5
24 34
29 69
48 54
50 39
78 5
95 75
97 50
31 33
54 22
62 9
69 78
83 39
90 15
71 26
72 12
3 48
39 0
62 49
7 57
15 88
25 19
39 57
39 96
43 71
54 89
68 92
95 21
97 98
8 34
14 57
34 6
48 7
62 60
79 96
80 58
93 35
17 82
29 96
30 54
44 43
44 74
61 76
63 45
75 0
85 72
90 21
96 81
98 65
4 19
9 43
13 66
19 24
54 27
65 52
73 40
95 29
17 47
19 65
22 14
25 78
31 49
39 36
56 83
70 85
88 45
10 25
34 61
79 11
23 40
