107
33 32
71 94
6 48
32 38
2 96
4 4
5 73
15 20
16 38
19 2
33 91
43 7
46 41
53 97
63 55
64 4
72 79
74 17
78 48
80 34
96 22
49 51
70 60
7 17
38 48
1 32
14 60
28 67
49 70
60 18
65 32
88 64
90 3
94 79
97 93
9 82
20 46
21 22
26 7
33 73
51 35
52 74
65 80
69 3
81 20
88 46
20 52
66 75
75 63
88 74
89 38
3 25
7 8
18 69
27 24
38 66
53 44
71 90
38 33
74 30
83 53
77 73
16 95
99 55
18 98
27 86
34 99
38 15
39 0
47 93
52 21
83 0
94 98
96 23
0 0
1 63
55 95
64 41
76 97
94 9
98 27
6 90
20 81
33 88
38 57
52 58
66 60
68 46
72 2
0 10
8 41
10 0
11 22
32 9
35 80
46 26
60 27
67 76
17 27
32 42
53 52
61 90
62 13
23 95
56 68
10 31
15 8
