87
0 46
0 95
7 32
7 81
14 18
14 67
21 4
21 53
24 96
28 39
31 82
35 25
38 68
42 11
45 54
49 95
52 40
56 81
59 26
63 67
66 12
70 53
73 96
77 39
80 82
84 25
87 68
91 11
94 54
45 5
69 6
94 5
97 48
3 40
3 89
10 26
10 75
17 12
17 61
24 47
27 90
31 33
34 76
38 19
41 62
48 48
52 89
55 34
59 75
62 20
66 61
73 47
76 90
80 33
83 76
87 19
90 62
96 96
46 0
70 1
95 0
0 0
25 0
4 39
4 88
11 25
11 74
18 60
25 46
28 89
32 32
35 75
39 18
42 61
49 47
53 88
56 33
60 74
63 19
67 60
74 46
77 89
81 32
84 75
88 18
91 61
17 9
