108
14 74
26 61
43 87
49 48
64 75
74 54
4 2
4 48
14 24
16 10
27 87
33 3
39 16
49 27
52 8
87 31
87 67
91 92
95 8
9 78
13 45
49 94
60 8
65 82
77 41
45 20
13 99
31 44
41 67
61 39
63 22
74 9
1 11
34 32
42 81
54 73
55 55
74 87
77 24
78 70
91 25
94 73
5 54
9 85
18 35
20 67
37 97
47 38
61 68
83 11
83 56
13 90
21 50
23 76
53 22
57 82
65 64
66 16
83 20
16 81
63 96
93 46
3 29
18 0
24 14
40 59
63 43
77 93
92 93
98 22
18 98
29 17
32 36
40 2
45 45
53 99
65 2
79 79
90 47
94 65
3 93
5 9
7 70
18 60
28 50
35 66
67 23
74 45
95 32
10 15
20 26
36 6
45 98
53 32
63 89
71 28
77 69
81 93
14 4
34 24
37 38
46 16
56 76
64 49
50 12
63 18
72 77
74 13
