113
5 37
24 73
39 80
47 25
12 45
4 80
29 7
42 66
44 3
57 52
60 8
61 27
64 67
74 77
76 9
89 53
90 5
19 48
20 34
34 92
49 69
70 33
69 13
44 76
2 94
4 7
16 89
32 54
59 85
74 47
83 25
84 87
94 97
97 27
4 55
11 3
20 14
26 27
40 24
50 52
93 59
10 81
21 56
24 79
28 34
35 2
35 59
51 55
53 30
68 51
73 89
75 65
81 4
87 31
4 45
30 87
55 78
60 37
65 19
92 23
71 2
72 26
41 40
48 94
90 73
0 62
3 99
12 21
57 99
71 95
88 45
94 76
94 99
95 0
1 76
17 62
18 93
33 40
40 99
45 17
96 18
2 69
12 17
21 64
28 16
59 11
60 78
77 99
82 46
88 71
88 89
11 36
24 98
33 45
39 73
47 19
48 41
61 61
70 81
83 40
90 53
91 98
93 67
15 77
28 59
41 81
71 17
85 19
88 82
36 53
47 62
48 26
80 91
