104
11 11
71 41
15 43
30 10
44 16
85 67
20 56
3 62
10 29
10 95
22 79
40 40
43 81
44 65
63 79
66 8
69 58
85 39
6 14
19 62
23 27
48 49
23 46
10 51
7 76
24 98
42 95
53 34
63 94
79 0
87 12
91 91
96 55
0 28
8 81
36 77
50 63
51 20
63 73
65 42
72 13
76 56
77 74
91 34
94 83
4 56
13 5
13 97
30 59
31 31
52 85
91 51
19 41
38 71
40 51
55 42
62 61
69 1
77 42
94 41
44 29
66 34
13 55
77 97
22 80
46 6
58 20
60 99
73 21
91 98
94 25
97 10
0 90
81 77
89 65
95 98
3 45
16 29
26 88
33 45
37 9
37 24
49 68
51 49
59 78
71 61
80 19
80 91
9 70
35 60
37 44
66 83
81 9
82 50
85 29
11 37
55 63
73 76
15 83
51 41
58 85
68 48
69 66
41 59
