107
10 73
30 58
55 67
62 54
75 37
91 40
63 66
2 18
18 48
25 13
31 34
36 71
40 22
90 75
94 10
94 89
60 45
64 78
74 24
34 61
38 27
64 49
44 62
0 3
0 50
9 31
17 96
42 92
44 7
52 31
55 16
70 92
78 64
94 55
4 66
15 44
18 26
26 91
27 1
46 49
55 83
74 88
84 3
87 95
88 31
21 45
40 74
55 25
68 19
81 56
93 29
93 45
93 77
4 40
11 20
59 63
75 96
23 56
46 69
63 86
27 22
28 50
45 25
65 5
4 99
9 0
21 82
40 89
51 98
79 4
10 68
16 1
26 82
34 1
46 9
59 31
60 7
76 57
4 46
13 27
28 37
41 99
47 41
72 71
75 15
81 82
85 1
90 54
14 87
31 68
49 63
79 22
94 36
6 26
31 44
40 28
44 77
65 25
73 64
76 92
85 9
37 49
52 77
56 53
81 63
12 39
38 64
