111
4 7
45 58
86 17
92 18
2 47
12 73
15 41
17 96
22 12
23 29
30 59
36 94
37 14
38 35
52 97
69 44
71 72
84 95
91 36
3 59
45 48
52 64
22 18
35 65
44 92
28 28
46 87
50 53
38 58
33 80
49 5
53 20
57 35
64 88
67 21
82 56
92 83
0 65
9 0
17 68
71 37
73 77
79 10
92 44
93 76
40 16
41 78
71 91
16 25
51 81
42 23
55 88
0 27
0 96
63 0
93 4
96 59
3 86
16 45
17 87
30 42
56 67
72 58
98 90
0 15
5 79
18 3
23 82
35 6
38 99
51 2
73 36
77 97
82 0
85 68
93 30
95 50
99 11
9 46
14 17
14 62
23 44
28 78
31 56
38 30
54 13
57 74
58 39
75 18
76 51
86 61
87 81
96 36
7 93
34 73
45 33
63 73
72 86
75 26
93 12
96 44
21 26
27 86
28 13
47 19
48 72
22 30
74 68
20 75
13 36
32 17
