108
68 64
85 24
1 78
32 95
94 13
3 14
9 52
9 97
30 72
34 52
48 29
49 85
53 5
66 22
76 3
78 47
49 21
52 74
53 38
64 60
76 9
31 63
93 22
67 54
77 58
11 29
20 84
30 12
70 82
81 91
92 43
1 47
1 63
17 47
33 78
35 43
38 94
44 57
60 8
69 35
86 96
4 88
19 54
55 78
58 54
81 52
86 30
97 16
9 81
25 80
38 59
60 87
27 47
44 44
60 72
13 87
28 86
66 76
83 20
11 2
25 26
68 99
95 74
0 38
4 16
10 66
21 12
33 4
69 99
82 66
93 99
94 2
96 40
96 64
16 69
20 33
41 30
44 87
46 10
56 0
59 40
79 82
4 61
5 8
6 22
11 95
25 1
42 25
45 66
46 92
59 25
60 94
71 17
84 83
89 38
35 38
63 2
65 30
83 56
98 30
17 94
51 13
66 69
22 74
24 89
50 27
70 93
85 14
