109
4 34
21 31
35 37
60 55
70 14
16 11
23 45
30 58
33 11
34 78
45 27
47 2
47 85
62 32
62 80
75 90
18 2
36 51
67 74
69 55
31 29
51 76
70 25
0 7
7 79
8 51
17 91
41 98
78 37
81 2
81 72
89 84
90 28
91 53
99 65
4 25
14 70
36 71
49 65
56 39
63 4
86 6
8 42
16 26
55 90
56 46
60 24
72 47
74 18
87 76
11 50
22 79
35 20
70 66
19 37
35 27
38 77
48 52
53 28
53 84
79 82
80 13
66 84
0 63
88 98
99 0
0 78
47 8
56 98
61 0
70 99
86 49
92 34
95 14
0 39
14 6
37 42
38 92
81 63
91 90
96 20
0 69
6 56
20 59
36 6
49 59
63 60
71 33
78 97
81 43
84 1
92 62
94 79
22 52
28 82
38 70
46 17
46 99
48 43
65 74
76 27
64 46
72 1
88 15
14 44
38 62
42 37
42 84
46 70
