112
8 44
20 22
27 50
91 2
11 37
25 84
29 33
37 61
39 85
47 32
53 74
56 47
58 16
61 90
79 29
94 43
15 10
65 42
67 94
35 31
44 78
49 21
14 33
3 0
3 82
13 65
24 99
36 10
48 96
59 61
74 75
87 67
89 18
90 85
3 89
6 16
19 78
39 64
41 2
47 47
59 76
83 33
88 56
97 85
10 1
13 55
22 69
24 93
29 13
47 7
54 60
28 74
30 54
42 39
43 86
56 99
10 25
29 23
55 55
34 78
49 79
65 2
81 96
0 14
0 71
61 33
63 16
68 61
79 4
93 1
94 69
96 98
97 30
97 45
0 41
10 99
33 98
55 0
71 22
75 91
81 12
98 7
99 65
3 50
7 70
16 95
20 11
21 50
28 34
39 59
43 25
56 31
74 39
75 65
85 16
92 81
97 51
17 83
28 37
38 92
57 84
81 1
6 9
54 64
56 34
64 50
82 26
22 59
31 47
61 20
28 65
33 81
