112
12 50
19 77
27 96
40 90
80 0
86 26
91 57
3 50
11 11
18 63
39 68
50 39
57 56
65 82
70 14
82 80
95 95
90 7
93 50
93 74
9 45
19 55
74 76
93 15
0 83
5 25
20 31
26 8
36 37
46 12
66 28
74 93
0 58
8 3
14 82
22 25
31 69
44 76
46 90
51 43
52 9
72 36
90 40
95 1
24 46
45 66
55 14
67 73
88 66
4 15
7 80
9 64
15 40
10 96
36 22
36 54
61 99
0 29
24 94
27 10
39 0
58 58
66 5
66 45
79 94
96 88
0 65
0 80
31 40
38 25
51 99
52 74
60 86
66 23
69 0
79 65
80 27
94 22
97 70
6 30
14 78
21 1
23 60
31 86
40 56
50 46
52 6
80 9
82 53
95 21
4 62
18 16
29 39
32 7
33 97
39 83
43 20
63 90
73 79
78 36
13 90
22 17
22 70
26 54
55 53
86 32
86 60
7 22
38 16
5 53
21 86
37 45
