111
65 64
58 36
91 43
95 80
6 87
10 63
16 39
20 84
24 24
30 5
36 33
39 82
65 84
73 24
74 47
87 97
24 81
51 31
75 63
78 37
10 26
13 4
20 53
35 98
36 63
43 46
50 64
52 90
81 10
95 11
0 75
1 93
7 42
24 51
36 5
55 22
59 48
66 78
66 95
87 57
92 34
3 66
18 13
19 65
25 95
40 60
67 48
69 15
73 31
77 94
86 18
14 34
58 94
14 49
19 29
50 38
71 51
21 43
69 37
2 14
63 1
80 80
0 28
3 0
15 98
41 20
44 4
77 0
89 66
93 94
99 30
0 36
2 50
16 6
18 68
43 85
52 96
59 8
72 65
82 4
88 48
94 83
2 57
5 98
6 78
27 16
28 30
41 68
47 22
59 71
83 19
97 36
8 20
8 92
18 0
30 40
46 53
49 93
60 52
66 84
85 74
22 61
41 36
55 29
80 26
4 34
18 20
71 77
81 43
16 58
52 40
