114
48 48
18 96
82 40
82 98
2 8
15 69
29 10
38 28
39 89
51 17
51 97
67 32
68 2
74 62
80 84
82 5
82 23
6 6
38 10
40 36
78 70
91 21
49 34
49 87
31 18
12 22
22 34
24 80
28 47
35 64
48 70
65 93
88 57
94 73
4 71
5 97
26 79
37 58
57 4
58 45
60 64
61 18
70 53
75 20
95 54
35 1
35 89
87 71
29 32
69 73
72 27
73 9
76 49
25 71
46 42
91 62
6 45
16 55
94 89
96 7
0 62
0 77
0 92
20 7
20 94
49 0
54 83
65 99
96 92
97 3
97 21
0 0
0 19
14 57
33 49
39 72
45 15
62 71
67 92
85 42
6 78
27 1
42 1
49 62
54 20
58 34
74 56
80 82
87 0
90 27
94 48
94 85
99 68
11 9
16 88
22 42
27 19
53 91
59 13
81 91
95 12
32 44
54 38
59 85
64 8
71 39
76 66
80 14
86 30
92 68
73 81
48 14
91 16
80 63
