107
21 59
78 49
84 63
20 53
12 81
19 11
22 97
36 51
40 34
42 76
59 58
66 36
67 7
76 76
86 33
94 76
95 52
27 66
65 55
73 6
13 64
45 45
67 67
1 46
2 91
7 29
18 38
27 25
36 98
41 5
53 13
55 88
67 96
81 92
90 18
5 63
6 96
17 80
20 1
46 71
68 81
75 19
77 45
88 95
13 18
14 99
23 6
28 28
31 48
31 70
38 86
50 50
59 12
7 42
28 13
50 78
61 87
69 61
79 51
17 32
25 51
39 48
53 69
60 4
18 64
66 47
1 1
3 8
3 77
43 19
51 32
52 99
68 33
92 33
93 15
93 47
95 82
74 0
88 67
97 47
0 82
1 35
2 56
31 81
49 22
49 95
64 22
71 82
78 26
20 35
32 18
39 58
50 4
63 96
73 10
81 65
84 19
85 81
92 37
13 75
34 72
56 81
73 34
68 16
91 23
24 73
72 53
