164
32 97
96 61
0 18
9 50
14 21
21 42
27 28
30 54
33 76
46 96
49 33
53 7
54 82
62 61
70 5
74 49
74 69
83 84
86 41
96 26
78 65
88 55
5 14
16 46
27 35
48 87
85 70
90 30
30 42
0 0
0 33
0 67
0 82
8 94
14 1
14 64
14 79
24 11
33 0
38 14
41 63
45 49
57 21
61 42
63 93
71 19
72 33
77 98
85 14
87 0
93 98
97 78
0 39
16 81
22 96
26 56
27 70
33 83
37 0
38 19
41 33
46 63
50 6
56 74
59 56
66 0
70 77
93 0
94 93
96 43
0 15
0 54
0 74
0 89
5 35
6 0
10 64
19 7
24 94
38 97
43 49
54 26
56 40
56 99
62 57
69 91
70 14
94 14
94 57
97 82
10 28
22 9
30 72
46 68
47 1
61 77
63 37
70 96
77 0
77 28
77 49
85 98
88 38
96 4
96 23
9 78
23 21
32 32
40 44
46 30
47 78
61 21
74 84
78 14
78 54
89 84
96 51
0 4
0 30
5 56
8 18
11 42
21 0
22 85
23 51
24 65
32 14
38 90
46 12
53 91
62 5
63 71
70 41
82 33
88 64
91 21
97 37
8 86
14 36
29 28
32 62
42 72
47 44
62 26
78 93
16 15
23 79
33 5
47 20
54 48
55 62
64 16
66 85
86 92
6 5
13 56
30 21
30 47
37 77
39 5
56 73
63 47
78 42
55 34
