113
46 78
59 97
92 84
3 33
6 47
17 31
17 62
29 96
31 65
32 39
38 5
43 49
59 12
68 68
69 1
72 31
74 55
83 69
88 24
45 71
47 94
93 29
26 37
76 73
0 66
7 6
8 78
30 82
59 51
73 95
82 7
87 46
87 98
8 18
14 5
17 92
22 23
31 7
45 63
49 19
61 30
63 79
73 48
87 61
89 10
94 78
63 6
63 85
77 92
78 21
12 38
24 84
32 69
40 57
68 37
47 54
75 41
82 54
41 75
0 51
6 97
19 53
30 23
43 94
44 28
91 43
95 98
96 11
96 57
0 21
0 72
22 3
22 51
22 98
36 0
48 42
50 13
71 20
88 83
96 61
10 64
12 83
17 37
23 17
34 43
49 77
52 33
57 92
61 53
67 82
69 65
70 98
88 32
98 21
0 41
6 25
22 76
28 1
52 38
66 30
84 68
87 82
13 57
14 11
33 34
35 62
58 93
69 23
69 70
95 85
96 51
14 45
39 82
