108
52 32
83 34
14 18
22 38
22 95
64 21
72 63
33 96
9 68
21 5
33 64
43 10
47 47
55 76
69 78
82 92
90 47
93 23
11 27
35 88
44 61
55 48
67 56
92 97
38 96
91 32
55 40
4 54
18 52
23 74
28 21
55 91
70 42
83 74
97 62
1 26
23 80
25 52
35 7
88 18
96 48
96 94
2 62
11 48
17 67
37 60
41 0
66 30
81 63
97 86
10 20
21 89
59 67
72 27
96 40
10 71
61 49
73 71
89 89
86 42
0 83
1 7
36 35
56 1
84 1
2 0
4 91
33 21
43 75
47 24
59 96
62 14
64 0
75 91
96 9
3 48
5 85
20 37
23 7
56 69
91 73
0 16
26 2
30 60
33 29
39 92
49 5
65 92
75 43
92 17
99 48
0 76
6 38
9 13
25 44
27 81
56 16
58 62
59 33
69 22
72 60
83 49
8 62
33 50
14 73
16 55
65 58
68 41
