112
69 91
10 60
19 47
23 80
57 49
68 65
10 71
1 93
27 12
38 52
42 5
47 79
61 6
63 33
77 19
79 80
80 3
88 91
89 68
20 90
41 60
43 17
68 76
85 78
4 11
29 26
31 99
39 38
77 34
88 49
96 25
0 79
11 3
13 18
13 46
17 96
28 77
42 32
51 73
59 87
66 60
69 18
82 97
85 1
90 40
95 90
1 64
17 40
20 14
28 49
32 4
33 74
47 33
88 10
95 69
83 42
26 83
30 35
57 79
77 89
3 28
46 98
3 46
20 61
56 50
72 51
82 62
90 25
99 51
0 82
5 96
14 74
18 1
36 93
37 66
42 52
50 94
60 24
95 91
99 58
0 57
17 25
25 0
41 83
53 43
54 99
55 59
68 40
75 25
80 63
86 6
92 19
97 38
5 36
6 87
15 65
27 19
65 69
78 48
5 54
22 90
26 66
28 11
32 42
57 43
81 9
83 34
28 59
83 54
15 85
41 46
64 47
