108
79 90
0 91
27 94
28 30
39 68
45 29
75 66
19 15
31 7
40 85
52 49
60 65
61 17
61 92
64 41
85 37
92 7
96 80
30 40
33 62
38 55
51 62
0 47
4 67
6 21
12 39
16 85
19 65
41 99
43 15
74 51
75 6
4 97
14 45
48 11
59 31
60 73
62 87
84 54
89 16
89 69
93 1
96 86
8 74
12 12
17 30
24 4
25 83
29 21
45 90
61 23
66 45
39 48
96 9
17 93
24 35
35 74
75 25
96 46
17 60
50 1
74 72
76 86
86 36
92 23
94 98
96 63
1 12
29 2
47 32
54 79
58 96
66 9
76 97
77 20
3 41
13 53
18 68
31 88
33 16
52 56
61 45
75 50
81 81
88 59
96 71
8 83
12 23
24 73
34 62
39 29
40 11
45 71
53 17
55 93
57 79
65 37
90 55
33 81
69 53
83 88
20 24
64 82
87 45
25 65
38 21
71 40
76 60
