108
74 58
83 25
3 19
25 95
47 45
89 12
2 63
3 97
34 82
38 10
47 67
56 18
59 37
63 91
65 2
78 97
87 71
98 80
38 41
41 89
44 3
1 2
8 45
8 80
16 33
16 62
28 52
60 60
65 75
95 33
97 47
17 80
20 33
28 70
30 14
42 59
46 22
62 34
70 48
71 8
71 23
73 81
96 6
1 52
46 53
56 74
76 64
81 79
86 33
98 16
8 26
13 51
19 71
47 36
61 54
73 17
81 62
89 82
53 66
60 28
67 53
11 71
52 46
14 8
94 99
9 94
30 29
39 96
55 88
1 67
11 99
18 13
22 49
36 0
36 27
56 11
71 0
72 44
85 1
15 27
25 47
27 85
32 60
41 86
70 16
71 89
78 43
85 93
87 18
94 72
31 43
66 30
71 74
21 27
84 82
87 21
16 43
31 93
36 45
56 56
61 79
65 37
76 57
39 42
60 16
67 83
78 67
64 44
