110
70 71
12 86
43 0
79 53
92 83
71 81
1 25
13 47
31 53
35 90
38 66
63 7
69 22
86 34
22 42
38 50
46 11
66 86
89 27
89 92
79 42
77 81
1 4
2 96
17 67
21 20
26 78
44 79
52 52
60 39
82 9
93 62
3 46
10 4
11 30
30 38
33 5
35 98
49 88
52 17
56 64
64 25
68 3
79 95
95 23
10 92
19 81
54 78
60 91
67 65
71 24
74 52
10 20
38 9
80 59
82 79
29 65
37 87
83 51
68 77
71 88
0 61
42 30
0 39
0 69
44 35
89 4
93 47
95 97
98 15
99 82
0 18
4 75
14 55
24 13
25 34
35 52
42 65
55 23
63 36
87 65
35 1
38 20
47 51
52 67
62 50
68 10
75 25
80 39
81 96
4 36
5 85
18 27
18 69
26 81
28 56
48 32
70 6
85 79
90 62
32 71
50 42
6 65
40 70
58 30
61 78
75 35
75 63
88 91
79 73
