111
14 28
7 10
20 4
40 21
57 97
61 63
2 78
5 59
49 53
60 37
75 64
77 46
79 17
82 91
93 21
8 73
39 10
42 30
81 41
86 97
87 82
51 22
54 65
16 90
31 96
32 75
34 54
65 20
90 58
95 43
9 51
16 96
17 72
27 1
40 92
41 2
42 38
47 73
54 89
68 49
71 96
74 31
80 10
92 29
95 65
95 97
97 14
3 21
7 6
31 18
79 84
0 65
35 87
41 46
45 16
47 95
61 52
68 17
85 66
86 51
91 70
82 28
0 93
2 38
21 42
64 79
94 0
18 27
19 56
28 37
46 77
49 0
77 0
0 45
13 99
39 60
54 8
68 34
76 66
96 79
4 81
7 43
8 24
17 13
17 67
53 39
53 98
56 67
60 11
94 51
96 93
15 44
20 98
21 12
26 84
31 2
49 25
61 93
65 10
69 73
88 35
0 52
46 62
56 43
72 54
73 74
74 40
78 24
83 88
43 10
64 63
