108
30 90
34 64
45 73
69 20
7 63
15 27
38 27
54 8
56 83
58 46
68 73
77 34
77 59
84 21
85 47
85 77
90 91
95 62
17 66
27 95
91 40
38 74
59 71
94 71
49 81
86 30
83 66
4 87
11 45
25 48
44 54
45 96
94 7
4 21
7 96
21 81
35 34
60 90
61 37
70 54
78 96
97 39
12 33
13 50
59 12
64 67
71 39
74 78
82 91
84 14
96 55
20 56
33 92
83 99
93 33
40 65
45 88
64 44
69 85
81 57
70 48
11 8
24 14
28 0
39 9
0 56
6 77
44 48
45 23
68 3
96 92
98 15
15 2
19 28
25 41
41 1
45 40
59 22
84 6
98 70
11 71
15 12
25 67
31 19
62 69
98 78
20 88
29 56
29 76
38 35
41 93
52 33
55 86
60 51
67 34
74 86
75 21
89 26
14 64
31 76
48 71
53 36
77 18
88 80
33 80
53 76
64 75
59 75
