114
82 6
5 76
37 9
55 64
57 18
70 79
9 5
14 30
14 95
38 69
41 49
47 28
49 94
83 86
45 2
53 37
64 26
70 3
82 15
40 16
49 19
2 51
13 60
18 45
19 73
25 86
31 39
62 48
63 97
73 58
83 71
87 57
88 28
96 13
97 73
5 22
25 52
27 10
30 25
41 97
43 73
69 29
70 43
80 94
85 0
90 36
5 87
50 91
92 85
69 34
70 10
77 66
78 22
91 63
12 47
78 79
58 23
0 37
94 99
0 71
1 3
15 0
18 16
31 87
50 60
84 49
96 40
97 16
0 54
3 17
14 74
18 93
19 30
31 99
44 33
52 58
54 43
67 98
69 63
95 0
1 31
15 64
26 45
38 65
43 6
54 15
71 3
81 52
94 32
5 17
6 79
15 5
16 26
32 17
38 30
47 44
56 12
60 50
66 63
74 29
75 84
82 41
86 93
91 73
96 23
4 42
11 63
84 14
11 85
69 73
88 5
40 23
63 17
92 20
