109
20 26
30 63
44 62
48 48
53 16
89 80
0 40
0 56
11 2
36 91
38 24
54 30
58 88
70 53
73 38
77 90
96 12
10 28
43 70
47 5
79 40
46 84
61 33
1 94
2 73
15 91
16 41
16 76
58 63
64 5
79 9
84 59
92 34
96 67
1 19
19 3
22 41
39 10
45 41
57 94
58 70
81 92
94 39
0 65
23 92
32 58
71 5
88 6
12 42
25 87
42 32
44 49
50 20
54 6
68 33
47 90
58 56
69 45
67 19
80 25
95 93
0 11
0 87
23 10
24 27
36 99
76 69
84 54
0 50
4 25
10 77
16 98
31 74
33 2
45 76
72 97
88 99
90 77
92 15
11 74
14 10
17 46
33 32
47 1
57 33
62 47
74 19
78 0
78 65
15 12
30 91
35 60
38 76
45 50
74 24
77 85
5 32
11 84
16 8
56 17
75 41
84 84
36 48
51 36
61 7
82 31
44 60
45 10
55 21
