108
66 57
87 48
6 14
29 4
40 84
44 23
63 84
64 15
1 56
6 37
8 69
10 87
33 67
35 34
43 49
72 43
75 2
85 91
89 74
71 20
82 5
91 71
5 65
42 32
4 0
15 49
23 81
33 97
43 6
52 61
73 73
81 31
88 18
95 34
97 58
15 94
21 48
26 29
41 70
50 47
68 94
80 55
31 49
58 60
71 80
72 34
96 51
13 37
18 87
37 77
76 71
77 38
23 37
29 89
69 9
87 39
35 41
91 60
96 1
99 84
0 86
9 0
12 15
19 64
24 7
27 21
47 8
47 87
89 96
0 47
0 70
24 62
38 63
47 26
54 93
55 14
55 66
63 36
85 12
37 1
61 4
72 52
76 90
85 21
89 1
91 34
92 90
10 67
18 4
27 76
38 8
40 27
53 21
61 74
67 23
73 66
97 38
10 43
13 77
17 56
31 81
43 41
76 80
35 89
73 20
78 47
79 85
83 12
