108
63 8
89 51
6 62
29 81
41 90
48 32
64 91
68 25
0 6
18 42
21 20
31 35
37 65
53 49
69 56
75 74
89 76
5 74
11 5
49 26
49 85
69 31
63 44
40 32
2 22
30 9
34 51
55 64
84 5
94 18
6 27
10 41
14 61
16 84
39 6
58 15
61 0
74 17
77 39
97 70
19 76
21 28
33 86
42 13
48 96
49 75
78 53
80 71
0 11
30 31
35 77
12 22
12 69
38 42
51 36
60 22
69 46
3 90
15 98
78 88
90 96
95 35
0 58
21 98
27 53
61 77
84 3
92 56
94 97
97 11
5 48
9 0
28 5
39 99
41 57
45 5
51 67
84 30
93 55
95 82
98 28
15 38
19 68
36 17
50 1
70 65
91 3
94 49
0 66
3 52
6 8
26 27
27 89
30 57
48 70
51 18
54 35
76 59
82 14
96 50
7 33
24 71
52 70
65 14
12 48
34 27
84 62
41 21
