113
16 77
48 80
40 12
82 75
13 90
15 52
25 27
32 59
34 43
55 4
56 96
57 34
68 20
70 55
83 61
37 74
45 21
58 42
72 13
65 32
0 16
0 35
2 62
4 1
14 11
24 99
39 99
45 52
69 88
80 97
85 47
86 18
91 34
3 78
15 68
28 43
46 60
64 65
87 81
96 37
6 44
16 60
19 83
29 73
50 88
51 23
61 97
71 27
72 48
90 67
35 59
42 8
45 69
49 41
7 56
10 74
23 48
56 54
63 39
48 11
11 26
94 95
96 0
15 11
29 29
33 88
60 72
69 0
84 21
97 14
0 57
1 20
11 30
31 3
41 99
54 0
62 75
77 40
77 76
83 98
88 49
90 63
95 30
1 71
3 85
17 93
20 41
33 80
42 46
43 31
59 19
69 62
82 10
5 6
19 18
31 64
31 94
48 74
62 13
73 34
17 74
18 32
36 22
40 0
42 55
74 73
91 38
24 41
24 57
24 91
50 68
84 67
45 65
