111
58 45
3 18
38 4
43 43
63 21
64 79
79 75
87 72
10 75
12 61
29 46
32 31
33 63
39 91
47 59
80 56
86 30
5 14
20 74
28 4
44 29
56 82
57 36
60 67
96 30
35 56
11 47
14 93
23 18
50 14
73 97
87 93
90 44
0 4
16 4
26 77
46 78
67 62
98 49
15 52
29 39
34 70
38 28
46 4
50 56
52 30
65 37
77 61
20 86
46 89
67 51
70 84
85 61
20 48
25 67
44 50
45 22
58 53
37 40
0 90
12 29
58 97
60 0
72 8
88 10
97 82
1 57
3 76
26 99
67 23
74 9
90 99
91 16
16 24
35 88
51 99
52 0
71 33
82 42
97 21
10 5
13 43
23 11
45 71
57 14
61 68
74 89
77 19
84 47
89 92
97 39
1 66
8 21
17 79
23 33
27 61
37 20
60 88
31 77
51 36
53 18
71 11
83 19
9 70
26 53
50 59
86 37
17 71
29 48
46 36
51 44
