111
70 74
74 29
25 13
49 43
51 6
60 59
65 10
83 63
86 72
3 23
18 89
19 35
39 63
47 75
55 92
78 97
97 47
29 33
40 46
54 33
76 61
60 41
71 86
80 67
0 71
2 53
17 64
27 52
83 0
86 21
9 82
11 23
14 96
25 17
37 9
38 78
44 61
48 21
65 2
83 7
85 88
94 24
9 59
30 58
68 34
71 97
75 53
88 81
16 16
27 27
43 35
51 47
80 27
90 60
70 2
35 54
82 74
84 58
17 24
0 0
32 92
0 34
4 86
24 72
37 0
48 89
79 44
92 95
98 61
0 42
12 9
16 46
25 86
39 14
55 70
57 55
62 86
65 43
84 6
95 94
0 79
26 3
27 90
35 39
39 18
55 13
65 27
78 21
81 40
92 75
3 49
5 14
12 38
16 55
28 88
29 67
45 28
78 91
88 10
14 32
19 9
31 43
59 53
71 23
78 36
7 54
31 17
71 6
77 83
84 49
34 24
