112
1 51
21 32
53 45
77 30
21 17
5 56
0 31
12 87
21 51
63 72
66 91
67 44
82 95
86 41
90 13
20 9
20 85
89 88
95 4
67 82
81 31
10 55
85 31
0 76
34 69
35 24
38 97
42 81
48 65
49 16
54 30
69 3
84 73
6 70
9 96
11 40
24 2
25 36
56 14
68 97
71 14
86 16
93 68
97 31
9 14
19 57
45 36
56 46
64 29
72 2
91 95
6 81
18 93
15 20
52 39
35 50
52 92
73 61
0 5
20 65
24 79
37 50
40 10
78 55
91 44
98 75
2 4
29 37
30 20
31 94
38 76
48 86
50 68
56 53
68 67
72 83
91 49
97 7
12 40
26 5
33 59
45 14
52 82
55 99
59 32
73 99
74 44
81 16
82 79
95 21
0 48
2 62
9 3
10 75
26 38
26 85
38 93
67 24
25 10
28 34
28 53
37 18
39 72
78 34
81 85
92 35
5 48
56 23
23 24
34 87
45 78
67 36
