112
5 76
65 32
92 70
0 50
20 25
27 75
38 19
39 58
43 89
47 70
51 10
53 24
73 20
85 5
85 56
87 32
1 81
61 12
83 71
93 7
0 17
2 36
12 3
14 48
14 95
20 62
26 9
55 97
60 52
61 69
84 90
96 47
0 90
5 65
6 16
15 29
19 79
20 43
32 53
34 27
34 95
46 56
51 27
58 85
67 55
97 72
24 17
35 80
36 46
48 96
60 2
78 8
82 83
86 41
95 52
21 57
32 11
34 64
51 76
78 15
10 37
9 82
40 73
16 96
43 1
49 38
69 34
71 79
73 97
88 99
95 16
97 30
97 84
99 2
0 54
7 68
22 1
33 37
51 41
71 62
75 42
97 66
6 31
21 72
24 93
38 20
38 94
50 55
56 71
66 17
75 68
80 48
82 27
19 39
31 4
42 15
65 40
91 14
14 87
17 11
23 53
27 67
28 81
59 24
69 13
82 65
87 50
93 74
29 23
74 18
13 72
31 71
