105
28 69
54 58
4 4
16 42
49 44
70 36
77 49
85 1
0 98
4 84
31 48
57 97
67 87
71 21
72 73
86 15
91 45
2 12
14 34
16 86
32 55
52 38
58 55
75 97
13 10
63 33
68 81
9 92
5 51
30 93
33 14
37 34
42 70
54 14
89 93
90 69
98 82
99 2
42 25
46 79
68 12
73 64
97 96
23 88
53 84
56 67
75 35
34 73
37 50
51 52
57 21
59 92
75 7
82 26
66 95
42 50
77 13
0 27
5 68
43 4
96 27
13 56
18 0
29 9
32 99
50 0
0 0
6 99
10 17
19 66
31 28
43 87
51 99
66 0
71 50
78 78
83 92
85 45
94 18
10 78
14 1
27 51
31 10
33 69
38 35
55 31
66 67
69 35
76 56
87 31
97 89
14 94
19 73
31 83
47 64
60 12
85 52
90 6
21 14
34 55
48 71
49 25
62 17
69 37
70 43
