110
5 40
5 59
13 85
69 77
72 36
82 91
93 64
96 22
14 28
20 55
28 76
31 29
32 90
44 62
50 80
51 35
66 13
82 14
96 49
87 94
88 83
2 94
7 4
27 11
58 92
68 56
79 65
81 47
2 57
6 98
12 76
28 67
36 22
48 48
58 4
76 30
90 5
90 29
0 84
15 50
31 82
33 62
37 16
54 86
72 11
91 75
96 13
14 98
39 76
61 75
73 44
82 32
24 69
39 86
76 89
76 40
32 72
51 20
6 25
11 8
27 34
28 5
32 48
42 6
56 36
58 58
72 0
99 92
0 76
18 46
18 89
53 22
55 72
59 58
59 92
73 61
82 17
90 35
95 58
96 4
0 47
3 73
11 18
23 10
23 28
24 95
32 39
40 60
46 40
67 21
68 81
83 74
95 38
95 66
10 58
43 20
52 9
58 43
64 1
90 91
96 28
5 80
14 68
15 40
67 62
22 86
24 60
87 64
88 19
17 77
