106
24 67
89 85
8 97
9 66
22 38
34 8
49 49
62 13
74 33
86 25
9 74
9 47
89 61
25 27
34 69
60 51
69 15
73 44
94 90
18 58
80 15
4 8
26 94
31 49
37 85
45 28
48 10
48 94
56 80
65 69
78 76
95 13
99 31
0 60
10 11
12 91
17 24
24 7
50 96
95 59
14 50
18 77
28 87
37 19
37 51
39 5
55 3
58 20
59 42
75 65
83 92
88 76
1 71
19 32
39 43
61 24
71 10
89 19
24 52
73 26
0 34
64 95
87 39
40 65
47 31
50 78
54 64
76 0
78 94
90 4
98 96
8 22
18 6
61 87
70 61
84 53
92 1
92 39
3 52
3 77
17 97
23 73
28 21
32 96
41 1
45 45
57 36
68 0
17 53
41 72
52 50
53 98
55 70
69 68
81 79
14 89
19 72
23 17
28 43
41 11
51 22
82 29
83 67
26 13
54 92
60 62
