102
42 22
42 96
53 86
57 60
94 3
58 97
0 75
6 33
7 60
12 46
23 72
25 94
28 10
45 6
68 71
70 22
80 47
85 95
94 74
49 51
52 25
82 20
32 98
42 10
1 95
2 15
17 20
22 35
22 58
35 46
36 80
60 6
62 44
92 55
97 17
5 6
7 81
31 24
42 59
46 36
65 39
67 3
73 53
76 72
84 26
88 81
94 44
13 62
25 77
47 82
51 68
52 33
61 88
77 39
91 8
98 56
38 27
54 51
62 79
74 25
78 59
12 76
36 71
87 47
0 0
0 29
5 97
18 90
73 0
76 95
97 36
1 56
17 15
19 43
26 56
45 0
53 19
68 18
80 79
32 95
34 49
46 96
61 36
63 63
91 23
9 64
10 11
11 48
13 86
24 17
28 63
40 36
48 5
59 20
69 57
72 78
73 16
79 33
45 22
58 54
60 32
18 53
