110
9 63
11 82
50 16
52 44
86 18
86 42
4 33
18 31
26 84
41 73
44 96
65 26
77 57
94 90
8 43
21 67
25 28
44 45
49 87
93 33
94 49
52 75
79 45
38 87
9 96
22 45
32 14
49 1
60 97
62 64
66 12
71 75
78 95
94 4
24 59
56 29
78 20
79 63
20 86
36 27
44 53
46 9
60 11
60 90
65 54
66 70
73 35
80 71
98 14
9 73
21 36
49 50
66 92
85 27
41 18
52 93
12 39
84 54
0 8
9 19
12 0
74 0
95 65
0 52
14 0
15 14
77 3
79 99
89 82
93 96
96 0
99 35
0 23
1 88
2 50
19 52
27 64
33 97
40 32
47 68
54 35
58 0
95 74
96 95
97 60
14 94
18 6
21 27
60 26
67 46
75 89
80 13
1 38
25 52
41 75
61 78
64 13
70 27
82 3
93 42
12 21
16 77
51 23
55 54
63 40
47 79
74 49
59 15
72 21
11 33
