114
3 76
11 23
17 94
31 55
46 28
1 3
33 13
34 37
40 84
43 1
46 47
62 10
72 89
75 58
85 27
90 51
91 13
4 93
6 29
93 9
11 37
16 28
13 59
20 79
21 4
38 70
50 62
53 77
60 27
67 74
87 66
3 47
10 15
20 64
22 48
26 18
55 85
58 62
65 13
81 2
87 35
6 69
24 88
30 41
35 5
40 22
40 51
72 66
80 51
91 60
6 79
31 75
45 87
58 19
84 16
87 1
87 45
21 56
33 64
44 59
60 48
61 98
83 80
89 99
97 79
2 99
15 0
49 1
68 29
75 97
94 93
99 22
0 11
0 32
2 61
8 45
21 0
25 25
48 35
57 46
64 3
74 51
97 47
19 85
35 2
44 16
52 63
69 10
76 34
86 84
90 29
98 11
0 16
7 3
20 31
24 14
37 36
47 19
63 24
66 48
67 64
2 25
20 34
48 39
83 37
14 9
28 0
34 27
49 10
54 26
57 71
39 42
16 19
37 7
