108
51 35
47 94
88 16
0 81
4 95
9 39
15 83
30 22
32 52
35 38
50 11
54 72
66 38
80 90
84 0
85 74
94 46
15 43
59 80
80 96
43 41
0 15
4 0
9 61
14 11
28 68
29 90
46 55
60 51
72 9
74 23
79 44
85 57
88 33
10 69
24 54
28 37
32 98
39 75
51 95
75 68
94 30
97 44
2 43
8 93
21 81
42 17
57 64
61 10
70 41
73 97
81 81
21 86
33 28
46 36
52 88
96 53
60 37
66 71
83 39
18 94
70 81
10 25
38 3
95 89
98 5
16 26
28 13
59 0
67 23
91 70
0 72
1 29
24 72
38 55
54 50
61 99
75 9
92 0
92 71
94 19
10 56
18 25
38 67
42 7
51 22
86 58
95 15
99 29
22 39
33 19
46 70
52 57
74 39
79 15
8 16
10 75
48 77
58 28
61 45
77 72
80 31
90 53
25 79
36 42
93 38
43 50
84 8
