108
56 59
25 14
54 75
69 36
94 13
77 35
1 24
1 71
21 60
30 71
36 52
36 90
48 44
55 23
95 87
97 68
28 5
37 16
39 60
61 13
57 37
64 22
28 13
7 52
16 32
34 35
49 97
67 96
69 1
78 18
79 75
96 29
0 77
39 32
42 83
63 82
72 93
75 2
83 66
89 5
4 66
22 19
27 46
36 97
45 63
73 21
97 17
5 71
19 4
29 65
42 46
43 23
56 48
66 5
65 33
89 16
70 29
0 6
0 38
0 92
17 88
46 4
70 53
89 52
1 20
5 1
19 80
77 79
81 93
83 39
97 37
97 64
3 85
19 27
32 73
55 96
59 67
81 94
91 81
92 2
8 17
8 89
23 89
26 51
43 77
52 11
65 54
78 41
79 55
24 66
33 37
49 82
52 40
88 92
91 24
33 12
40 52
51 68
54 90
67 15
91 27
27 80
70 87
75 8
30 46
38 67
79 25
28 57
