107
42 44
47 68
61 58
73 67
95 35
1 29
3 43
11 17
18 72
25 46
42 24
46 91
48 3
68 88
80 19
9 48
20 63
38 62
71 97
47 61
64 77
55 65
76 80
0 68
1 94
17 3
24 23
24 97
29 81
55 33
63 0
70 46
72 32
90 75
90 93
7 84
14 33
27 44
32 95
35 78
38 0
81 36
88 22
97 77
2 59
28 51
53 4
59 83
62 43
69 63
82 47
94 26
26 76
74 87
88 39
7 38
10 63
31 66
36 87
55 74
13 41
80 29
63 64
0 0
56 18
85 4
86 61
96 51
0 6
26 14
37 29
40 15
64 14
91 7
92 96
0 23
8 80
31 2
48 42
50 92
65 29
67 6
77 99
0 51
15 17
21 86
34 31
51 24
77 65
83 78
88 54
95 40
4 73
12 59
38 53
50 82
55 2
60 92
65 23
89 79
22 32
51 56
69 81
74 42
16 55
32 43
65 84
