110
7 75
29 70
59 66
94 72
2 93
10 11
15 33
26 85
28 19
35 56
37 30
39 9
60 29
69 13
84 57
86 93
91 41
8 96
36 83
54 75
68 30
79 12
87 71
73 27
6 84
88 81
5 49
18 56
44 45
60 50
65 98
92 6
0 12
8 27
13 70
29 5
45 12
50 60
50 84
51 26
74 54
93 13
93 34
0 76
5 4
18 48
18 85
22 24
31 62
74 3
30 26
32 49
44 37
80 47
90 62
20 66
67 21
16 80
27 99
41 97
68 84
73 70
0 46
44 97
53 5
87 26
94 94
8 25
32 0
40 80
48 20
64 64
65 93
66 42
67 0
80 40
91 56
94 20
95 41
97 5
98 80
1 90
4 65
5 43
6 11
21 33
34 65
45 55
47 74
66 79
69 56
7 57
16 13
29 20
32 6
34 86
45 35
53 48
54 15
76 32
91 86
97 65
33 72
37 51
55 81
70 60
80 22
16 27
30 10
41 60
