110
72 38
16 4
19 31
24 45
39 39
45 84
13 65
26 59
28 79
37 2
40 60
45 15
55 63
63 8
79 72
90 60
94 96
35 93
49 79
74 13
76 34
47 59
59 74
30 52
1 54
2 86
3 39
32 24
51 31
64 99
68 85
85 3
11 83
16 45
18 10
28 95
29 73
32 8
50 94
55 36
65 47
69 21
77 89
90 3
91 50
93 68
2 60
46 6
67 5
76 19
79 37
22 38
23 3
32 18
44 41
49 86
61 29
2 73
43 25
44 67
27 33
65 36
76 3
0 0
0 15
8 99
75 57
96 31
0 22
61 50
80 74
80 93
92 16
95 78
0 30
16 80
19 63
31 77
42 99
59 0
63 77
68 63
85 46
87 99
4 68
6 40
9 11
18 85
54 56
63 88
86 3
87 43
22 17
31 49
48 86
50 21
65 0
71 19
83 79
87 65
13 36
27 89
36 9
58 44
72 39
89 53
14 71
22 49
85 14
34 89
