104
8 3
36 89
64 15
6 37
17 19
22 0
23 49
27 30
31 62
43 5
45 71
51 49
55 83
62 39
69 84
79 15
97 80
3 10
34 22
34 94
54 14
55 53
55 94
82 26
13 42
71 12
89 21
0 57
1 93
10 76
16 92
82 72
85 48
97 33
9 23
11 66
27 71
33 37
48 1
48 19
71 28
72 82
92 8
93 49
93 87
4 82
18 5
23 96
28 80
32 7
53 39
71 37
73 95
94 18
9 17
23 21
35 83
49 85
54 21
80 10
85 76
22 40
54 6
57 48
63 26
16 30
59 68
95 66
15 61
45 63
92 96
0 58
28 54
39 43
40 97
71 45
83 0
85 41
87 62
10 82
13 67
14 52
30 13
31 69
41 28
50 67
67 73
77 29
84 90
96 22
6 28
62 9
75 45
87 66
16 45
30 44
40 64
48 8
58 79
73 78
86 32
96 71
22 11
40 10
