118
91 60
12 39
53 68
62 32
89 79
62 69
5 12
9 91
26 26
32 39
35 2
40 51
50 20
72 19
72 42
8 43
10 9
47 55
55 9
82 65
51 73
69 25
0 30
2 57
3 78
25 92
50 95
68 94
69 5
83 3
84 95
94 32
97 47
9 72
13 24
19 10
29 55
35 91
44 26
61 46
64 79
86 11
96 64
0 0
1 85
16 93
25 5
26 33
40 40
73 99
79 55
88 91
7 48
10 28
49 36
76 18
29 47
35 68
97 1
13 67
30 19
36 71
39 0
39 85
47 99
63 53
76 70
89 25
95 78
0 15
1 94
15 63
21 50
33 17
46 81
47 12
52 97
60 6
60 85
78 45
78 80
91 39
97 24
0 71
6 0
15 86
29 85
49 62
63 26
67 69
96 40
97 73
2 26
11 44
14 14
16 95
19 57
28 19
46 2
63 42
68 19
75 95
81 13
90 53
22 60
29 81
35 22
48 11
50 83
51 30
51 62
69 33
82 70
7 80
16 24
24 11
53 25
34 32
