113
39 41
52 25
53 83
57 54
72 78
73 26
77 52
44 46
5 63
10 87
17 55
22 35
33 80
36 22
52 0
88 82
53 32
76 37
79 23
24 26
44 75
41 36
35 33
0 19
24 93
30 6
39 94
61 98
63 16
69 64
87 10
87 62
95 95
1 7
1 84
5 69
10 34
18 80
22 66
23 41
40 8
46 68
59 45
71 92
74 78
88 47
94 0
96 74
20 15
30 47
35 94
49 97
67 41
14 28
37 51
82 54
29 26
62 82
78 47
0 98
14 0
66 1
0 1
5 48
75 95
79 7
89 96
91 40
0 62
1 15
15 6
15 79
19 59
34 79
38 62
46 7
52 59
61 18
66 61
95 47
6 29
20 73
29 98
47 21
48 76
57 39
79 98
83 61
87 86
14 16
15 58
22 4
28 20
53 81
61 36
66 21
81 38
21 51
34 12
47 53
53 14
58 73
66 55
67 85
74 68
90 58
21 77
43 24
51 49
80 91
25 36
53 40
62 25
