117
27 91
44 44
45 91
64 2
86 28
1 4
7 87
30 3
40 77
69 62
75 37
47 72
58 10
74 7
95 21
71 50
96 29
1 22
7 60
15 19
17 50
20 77
21 33
26 64
33 25
39 58
44 0
58 84
60 37
68 20
81 85
92 95
95 80
96 7
2 31
5 2
5 78
22 91
30 41
51 13
72 65
78 1
96 74
98 94
13 57
31 58
38 7
39 42
57 95
58 79
61 56
63 27
81 45
84 17
94 35
8 25
25 83
41 68
70 34
78 59
50 6
59 17
95 57
0 37
0 63
0 97
15 12
41 92
53 55
69 93
3 42
19 70
29 9
45 38
61 74
72 83
82 2
83 66
84 91
89 43
0 10
0 56
11 46
11 92
21 69
25 32
25 47
29 99
40 85
52 24
59 0
62 93
68 69
80 23
86 59
91 13
3 63
34 62
36 12
49 65
73 43
83 81
91 66
94 91
10 42
28 85
85 51
14 78
17 59
35 48
58 62
65 83
70 54
77 74
79 37
82 12
16 87
