115
28 63
12 13
12 48
35 11
35 69
7 80
17 95
29 40
34 25
63 71
65 92
67 46
78 16
79 60
79 90
11 3
11 60
21 84
34 76
68 35
83 8
20 43
87 17
11 27
38 93
47 32
49 6
49 46
51 85
66 0
82 31
92 97
94 83
97 54
0 56
3 93
12 66
27 24
42 64
49 9
62 29
69 78
77 46
84 70
2 8
5 46
9 21
21 90
29 49
38 78
46 95
68 97
91 24
3 70
6 38
17 12
29 20
69 67
71 9
59 84
42 85
0 99
45 50
48 23
49 66
61 54
87 1
91 48
96 28
97 11
97 61
0 75
2 23
22 76
27 57
33 98
68 28
78 98
79 56
86 76
93 91
0 84
8 96
15 34
36 35
40 49
49 10
50 38
52 70
54 52
57 86
71 42
83 60
0 13
18 62
24 80
24 95
33 15
53 3
53 30
77 22
77 74
79 37
90 7
90 90
11 32
24 48
29 29
35 62
36 83
68 47
11 41
15 84
37 21
41 75
