110
25 8
42 63
36 43
53 48
71 67
31 16
1 6
6 60
26 80
40 79
48 14
51 97
76 9
81 57
89 18
90 46
25 43
48 78
74 79
92 26
47 41
2 26
4 89
14 34
21 62
49 0
64 22
69 49
75 93
88 85
93 68
7 11
8 82
15 48
22 27
35 57
45 23
58 4
75 30
77 96
84 41
94 10
95 62
98 40
22 70
29 8
31 22
37 87
43 7
51 88
52 61
61 49
61 78
79 64
96 77
69 20
90 54
37 22
39 51
82 72
83 19
36 13
1 44
15 98
31 94
59 31
72 1
94 91
96 1
0 20
10 84
15 11
20 48
22 76
25 1
36 65
43 37
62 64
70 35
96 25
2 50
8 70
38 99
41 0
48 21
57 9
61 50
62 88
76 48
80 95
95 54
99 11
20 55
38 71
51 36
54 71
59 24
67 80
79 72
97 47
17 81
54 6
66 58
76 41
82 91
63 73
74 56
85 68
59 44
78 50
