114
31 58
86 13
85 91
82 20
88 84
1 4
14 46
19 9
38 15
48 36
49 90
52 68
54 22
63 38
63 91
96 65
19 41
23 3
67 45
69 18
77 31
38 29
0 89
2 33
7 71
14 91
26 72
32 85
61 6
66 64
76 74
82 52
95 46
98 97
3 51
29 52
41 68
43 54
90 70
3 94
6 9
10 32
13 80
28 36
42 35
50 80
66 75
70 12
73 91
96 53
20 61
57 36
89 96
38 58
76 15
93 87
32 63
38 0
92 0
96 23
0 65
4 19
16 27
17 96
31 91
43 99
52 1
53 53
78 34
92 38
99 6
5 57
6 3
19 17
30 0
33 21
46 15
56 93
67 48
71 99
80 66
81 47
94 68
2 26
6 47
13 74
27 79
33 43
41 74
55 62
56 76
89 7
89 22
5 86
20 49
24 26
39 8
47 46
69 57
70 30
77 77
85 56
12 13
25 66
44 29
58 67
72 30
73 48
88 65
88 82
95 14
9 50
30 46
73 50
