111
25 68
75 49
85 68
0 76
2 18
15 32
17 52
29 28
32 49
33 87
46 81
61 12
61 53
66 72
71 86
93 91
31 35
39 47
67 18
58 86
74 56
25 55
1 53
7 3
16 14
54 28
83 0
86 15
97 3
97 60
99 21
3 46
4 74
25 73
29 20
45 43
55 94
61 3
67 40
78 94
88 84
3 29
14 59
38 87
65 26
73 72
75 42
92 70
15 21
40 91
42 52
66 8
80 50
93 14
24 45
74 68
8 23
47 90
66 48
0 97
14 92
28 3
79 28
89 38
20 99
34 4
38 62
44 27
53 61
92 34
97 50
0 7
16 35
19 73
36 15
51 76
74 86
75 4
96 84
99 27
99 64
4 61
21 7
28 87
43 61
46 99
47 34
56 53
56 71
61 31
63 95
73 22
86 94
17 67
59 45
69 3
81 14
18 59
21 34
27 78
40 37
58 21
64 83
79 58
93 23
5 13
26 41
53 43
66 36
71 13
33 42
