106
80 14
35 28
1 6
43 58
56 51
60 2
64 31
95 57
41 37
7 80
24 17
32 84
71 91
83 28
89 41
97 5
30 6
48 4
56 34
66 3
31 38
36 14
42 28
0 26
3 62
29 99
42 74
45 93
57 81
66 61
76 71
88 79
96 19
99 88
3 90
4 55
5 2
17 14
23 36
34 62
49 20
51 97
66 21
69 47
82 57
88 2
37 51
59 85
68 72
75 33
80 80
95 80
37 67
41 83
45 9
46 51
50 37
63 48
85 32
33 21
69 29
82 71
49 29
65 37
8 40
17 61
18 89
0 76
22 74
27 0
4 48
9 94
10 27
16 56
35 98
56 67
65 93
77 49
82 11
90 41
7 79
12 18
15 3
34 82
50 5
64 11
73 86
86 60
90 26
92 88
14 71
42 65
48 79
58 59
62 75
7 89
45 43
50 14
53 93
64 55
67 89
69 19
72 67
37 21
78 57
79 35
