104
23 77
26 31
26 94
40 69
52 19
63 74
76 92
96 56
53 31
3 15
4 61
10 46
24 63
38 3
38 50
60 52
64 10
77 62
83 3
85 24
95 37
97 8
34 95
71 46
74 83
38 59
51 9
94 26
2 86
12 26
12 96
18 8
55 92
94 76
96 98
8 70
26 15
35 36
47 44
48 73
54 59
74 15
75 0
80 97
3 25
6 50
9 8
15 99
25 69
42 18
59 5
62 45
43 8
65 59
18 18
34 67
48 65
73 32
0 36
19 44
47 89
57 99
77 77
78 46
93 90
97 42
97 61
0 66
0 97
2 6
26 47
29 90
36 35
45 46
53 27
56 77
71 97
85 50
99 25
0 46
0 75
16 32
26 22
37 78
43 97
58 32
65 10
70 75
75 39
84 16
16 69
28 13
30 53
47 14
67 89
84 90
8 34
28 77
52 51
66 38
83 43
35 11
53 46
53 18
