115
5 84
34 60
87 13
16 88
0 61
8 17
13 38
33 89
34 26
41 42
47 16
50 69
52 55
87 72
92 34
94 48
13 49
46 39
87 77
21 55
25 97
6 1
20 74
21 9
34 75
50 99
56 29
60 9
64 70
65 48
70 26
72 92
78 61
90 95
97 62
0 34
9 99
19 35
32 9
54 91
66 52
71 8
75 35
14 4
17 19
40 39
42 72
56 14
71 69
76 23
91 53
94 79
9 77
49 28
60 95
79 75
49 46
66 62
93 72
36 30
63 19
44 0
93 0
0 0
0 55
0 98
1 19
27 47
73 3
74 96
92 27
96 1
0 64
14 56
25 77
29 94
34 0
46 83
59 77
80 57
82 17
93 33
0 90
21 24
30 44
32 96
34 66
37 16
44 56
47 87
60 33
66 4
70 86
79 97
84 47
95 56
98 40
14 52
14 92
18 78
51 69
57 48
73 75
99 64
13 11
26 38
32 80
48 19
59 49
72 55
74 60
36 49
45 35
79 71
54 36
