114
83 2
23 3
45 49
48 87
61 17
8 77
20 69
41 7
53 33
61 45
77 61
79 16
90 35
92 54
93 82
96 8
14 88
44 93
67 38
57 55
92 47
48 41
0 11
6 60
10 45
11 24
31 80
44 70
58 75
59 96
74 92
87 98
1 92
14 98
17 19
40 13
49 26
62 61
63 7
73 30
93 17
94 73
23 77
30 1
36 45
47 6
61 21
69 65
76 99
86 60
3 86
26 87
39 37
58 84
69 8
36 87
54 47
72 22
20 35
23 51
33 61
0 0
0 42
0 61
14 5
23 32
72 80
80 45
91 97
92 32
98 68
0 17
0 77
1 56
14 48
15 1
34 15
38 31
77 85
87 3
5 34
13 67
14 15
19 54
38 51
48 98
64 79
76 63
85 74
90 1
17 83
19 29
29 4
34 36
39 79
58 27
60 7
77 8
84 41
93 12
6 48
9 6
10 67
27 54
45 78
51 91
65 59
68 85
81 91
86 49
50 40
70 56
49 15
64 17
