111
54 10
6 28
90 83
49 16
65 4
3 67
9 85
26 26
31 63
39 94
46 62
54 40
54 76
58 90
77 46
87 17
12 95
55 56
60 23
80 89
57 48
10 4
12 44
23 10
26 77
40 27
68 35
68 65
68 80
85 66
91 45
99 25
5 24
18 51
21 30
36 88
71 96
75 14
88 8
94 77
95 39
2 78
9 18
19 66
29 15
41 79
70 56
77 24
78 98
91 23
24 56
36 16
42 72
61 72
63 9
65 86
75 66
80 39
85 95
12 32
45 89
67 25
67 49
83 74
96 16
35 42
24 0
44 30
48 2
79 0
91 53
94 97
0 14
0 86
10 54
12 68
26 88
34 49
45 99
96 68
98 40
4 8
17 71
24 33
27 98
35 65
47 55
57 37
68 9
95 85
14 13
29 18
31 93
38 30
42 8
51 24
51 85
64 30
81 44
96 80
11 79
16 40
35 77
40 57
48 71
54 17
74 22
80 88
18 30
61 38
64 15
