109
6 31
13 16
40 47
49 96
79 22
80 68
81 57
5 58
11 93
23 53
35 61
40 26
46 77
61 42
63 20
72 87
81 6
6 38
23 13
49 53
28 56
72 27
7 26
12 71
20 32
26 72
26 97
36 7
49 13
60 72
90 39
94 13
11 87
27 79
32 93
49 30
49 60
53 90
78 1
86 25
94 60
95 44
11 56
26 45
38 80
41 12
53 39
66 68
11 80
17 99
20 59
40 71
54 27
54 45
32 18
41 62
64 30
15 48
32 49
32 70
37 55
0 6
64 99
86 88
17 1
31 0
35 32
63 10
63 56
68 84
77 41
89 96
95 0
96 70
0 22
0 51
2 82
41 98
54 76
66 53
68 0
70 98
81 51
82 82
93 24
2 12
46 92
80 15
84 0
91 44
7 42
14 17
32 41
43 27
55 90
62 39
63 25
63 59
82 60
82 90
17 22
26 8
47 16
61 78
2 47
24 63
45 56
47 40
61 44
