117
76 58
97 71
3 68
4 82
6 35
10 96
20 86
28 23
30 76
40 62
42 27
44 47
46 10
52 95
64 1
66 22
44 72
54 42
55 85
71 7
71 68
2 51
9 5
14 59
20 45
27 6
37 96
68 41
71 96
80 18
81 81
93 46
94 13
95 88
8 28
22 59
31 41
39 89
52 27
62 61
62 80
79 44
83 60
99 43
12 80
30 13
47 41
58 18
65 55
75 86
90 61
33 21
34 67
41 80
54 73
34 33
53 55
63 85
41 36
58 50
0 7
0 65
0 97
13 0
14 14
36 0
51 99
67 36
78 2
81 34
91 91
92 0
93 24
0 29
15 45
17 66
36 60
53 13
66 97
93 93
95 21
0 37
7 14
20 42
57 3
72 15
81 3
82 40
87 77
93 50
95 31
96 99
99 85
0 74
21 13
28 30
33 75
33 90
35 7
47 73
55 33
66 65
70 82
80 63
6 67
39 51
41 89
44 14
64 46
73 35
86 9
25 63
46 55
48 77
79 88
81 54
35 23
