107
10 76
22 90
35 37
54 72
67 88
81 32
81 65
82 98
3 31
3 52
15 20
28 51
29 67
33 10
43 25
48 52
70 2
87 78
91 17
94 59
9 38
12 66
48 17
72 10
72 73
88 37
77 91
91 89
95 26
84 73
4 98
23 0
51 92
56 40
68 48
18 15
24 75
41 58
51 99
53 6
55 67
61 34
76 28
86 12
93 45
24 58
37 28
66 63
15 77
40 10
41 45
41 70
51 33
54 84
69 83
85 64
46 67
80 44
82 89
45 40
1 16
33 99
98 4
0 80
2 94
13 41
17 92
67 17
14 5
15 44
16 59
24 32
29 84
37 1
63 53
85 2
93 52
94 75
96 31
0 36
25 30
43 0
52 18
64 26
68 94
69 68
4 70
10 91
21 7
26 65
27 44
45 56
57 48
69 34
72 54
75 13
83 41
90 54
9 31
23 82
36 67
46 16
87 72
90 26
37 52
49 42
57 26
