115
13 90
16 11
66 12
94 58
4 40
29 22
38 49
41 14
42 28
42 75
49 60
50 88
55 37
73 84
77 63
95 73
61 30
74 12
76 96
46 35
53 30
0 14
11 67
13 51
14 28
30 97
32 64
78 37
89 15
90 90
91 43
93 1
93 29
0 22
16 91
27 48
33 91
35 5
49 8
52 51
55 67
61 94
95 43
10 12
21 25
40 42
52 6
73 26
81 3
83 97
97 82
24 14
81 14
86 52
49 49
0 37
0 63
3 84
12 53
15 76
25 0
28 82
45 99
60 70
60 98
69 42
69 81
74 66
99 16
0 43
1 7
22 63
28 29
40 78
49 0
53 84
63 1
67 26
79 52
79 71
93 76
10 3
11 76
19 96
34 55
39 20
55 15
63 40
63 61
74 0
81 30
93 22
95 8
4 29
6 50
27 8
29 78
37 59
39 92
52 70
74 95
92 46
10 24
40 2
55 44
58 11
75 89
91 30
93 51
27 52
33 15
35 88
41 68
42 40
83 23
