205
0 0
0 15
0 30
0 46
0 62
0 78
0 94
12 38
12 54
12 70
12 86
13 6
13 21
18 99
24 30
24 46
24 62
24 78
26 0
26 15
30 91
36 38
36 54
36 70
39 6
39 21
42 83
42 99
48 46
48 62
49 31
52 0
53 14
54 75
54 91
60 54
61 39
63 24
65 6
66 67
66 83
66 99
73 47
74 33
75 16
78 75
78 91
79 2
79 60
87 24
87 40
90 83
90 99
91 10
92 54
99 32
92 66
93 0
97 14
3 92
6 1
15 24
18 83
20 0
23 97
28 30
30 75
39 8
40 22
42 67
47 97
54 17
54 59
61 1
71 97
72 62
75 0
76 18
80 46
82 76
92 86
94 0
0 22
0 38
0 54
0 70
14 42
14 58
27 52
30 33
36 86
39 44
40 1
48 78
51 36
58 20
60 70
60 86
62 45
67 31
77 14
84 30
86 59
87 44
91 15
93 72
0 6
0 86
3 68
12 14
14 77
15 40
16 62
24 6
27 71
30 57
40 46
51 55
54 2
64 46
68 0
72 78
84 90
88 30
90 45
3 52
14 26
14 92
28 12
32 85
38 61
44 30
50 17
52 82
61 93
63 28
72 58
85 1
96 10
97 24
3 36
6 73
16 58
18 91
36 90
52 54
57 68
64 90
74 74
75 36
76 54
84 86
87 68
3 20
19 7
23 26
28 70
36 14
38 28
40 90
44 41
44 74
68 14
77 30
3 84
4 10
6 41
19 47
30 1
44 15
46 40
58 60
58 76
64 42
70 88
72 10
78 71
83 22
86 53
4 26
6 57
16 74
22 40
22 56
28 18
40 58
46 88
54 25
64 74
68 58
84 38
22 88
30 44
34 76
46 8
50 73
54 41
60 12
76 82
87 14
16 18
17 32
48 22
70 40
72 22
