105
38 67
70 11
8 63
32 49
78 39
86 8
96 39
12 52
8 8
21 71
23 15
23 30
41 3
42 86
44 27
87 53
95 83
25 6
46 90
49 25
90 30
10 22
17 86
49 47
52 71
56 7
61 35
62 95
66 73
78 89
12 44
26 85
29 55
68 28
69 72
83 62
90 12
14 4
32 14
32 80
40 41
45 61
47 1
53 77
71 98
78 48
79 79
86 92
92 59
95 19
36 21
54 33
69 34
81 15
84 34
94 51
21 49
29 4
50 81
97 31
39 52
64 39
30 99
0 2
0 22
0 43
2 71
10 83
11 97
22 68
56 52
73 0
97 65
7 36
26 29
44 94
52 15
64 90
85 93
87 1
11 60
36 75
55 62
61 8
66 49
72 19
73 65
96 4
14 37
18 23
27 10
38 69
38 93
47 39
60 86
81 42
82 25
11 69
20 44
41 12
53 24
60 46
21 74
16 35
73 43
