111
48 12
2 54
17 3
70 96
75 8
3 18
8 69
15 96
16 56
23 38
33 59
36 31
41 91
54 35
64 83
65 69
81 65
90 31
23 90
57 46
60 14
76 21
82 90
90 38
31 38
3 86
71 48
95 74
96 2
0 41
14 73
17 8
26 81
28 67
36 54
49 0
56 65
68 30
79 1
84 59
98 62
8 53
8 87
21 97
40 36
42 61
67 80
75 32
76 15
90 26
6 10
30 86
76 81
84 46
62 40
92 50
13 28
25 20
31 6
42 77
53 99
93 99
46 17
52 51
68 55
90 76
0 25
13 31
22 42
30 14
44 83
50 26
58 84
59 10
59 98
69 0
70 52
91 90
97 52
9 99
21 59
22 1
24 73
45 4
49 60
80 73
82 7
5 24
14 45
27 95
28 28
35 63
42 22
43 45
63 61
85 22
20 79
22 52
37 8
44 31
56 74
62 88
73 14
81 83
84 68
22 70
44 52
26 46
32 19
48 37
16 91
