110
5 42
9 20
27 25
44 80
59 9
14 16
4 74
6 88
21 1
27 50
28 80
49 23
58 83
63 27
73 97
81 14
72 30
17 8
52 10
52 87
57 17
1 3
12 55
29 64
33 12
38 34
41 49
56 44
61 68
67 53
80 62
81 48
90 37
92 23
94 57
96 4
96 71
1 33
3 97
17 91
31 86
36 4
62 97
77 6
80 92
97 43
4 52
25 69
48 50
82 6
83 71
85 23
10 82
24 85
39 13
40 88
55 24
62 7
77 35
7 11
47 82
27 15
72 80
95 99
21 35
29 99
50 65
86 88
0 58
0 92
18 49
18 68
44 33
54 63
64 96
72 77
82 0
91 83
0 40
31 55
43 73
49 47
62 57
68 1
68 36
76 54
78 20
80 98
88 44
90 28
5 55
11 13
25 70
29 41
41 20
46 6
52 38
54 82
66 64
89 58
8 60
12 2
26 4
40 55
60 22
63 78
18 75
34 72
78 83
56 71
