105
54 71
6 75
15 21
34 79
61 91
71 25
90 34
35 67
80 20
5 93
6 38
15 3
32 11
33 97
54 3
68 5
71 81
94 57
16 40
25 59
52 80
53 66
0 2
7 56
34 43
39 27
51 17
54 50
67 56
72 39
80 63
83 48
86 1
98 20
1 30
9 79
12 94
17 66
40 92
52 21
57 95
66 11
71 99
75 84
80 70
9 42
14 26
18 81
28 25
35 57
37 36
46 6
84 31
0 86
3 66
17 54
40 84
50 27
54 86
41 70
80 39
53 11
85 96
89 81
99 92
2 16
29 0
47 49
65 38
66 59
84 16
88 2
97 49
23 80
43 1
48 45
68 0
91 72
94 34
97 10
17 17
18 46
20 62
33 52
42 31
55 25
55 66
61 52
65 97
68 73
69 11
89 86
30 73
39 15
39 61
56 85
74 60
15 32
49 72
57 0
67 45
85 77
24 47
75 46
57 17
