113
32 55
35 72
41 6
28 60
7 23
14 58
21 93
38 22
52 77
60 28
63 1
72 47
74 86
82 57
84 30
92 47
67 22
34 51
35 12
45 70
3 76
5 1
18 13
35 37
43 95
54 13
60 91
64 68
79 2
80 73
86 15
88 85
96 67
1 19
13 46
17 83
29 74
44 1
64 97
77 32
95 16
95 81
97 53
14 8
31 20
31 86
42 44
63 38
68 11
95 91
12 23
26 6
42 52
62 82
71 7
74 24
86 48
89 62
26 49
39 16
50 5
9 15
88 55
0 52
3 98
0 83
6 38
21 31
38 99
57 62
89 99
91 1
91 30
16 66
40 36
45 85
48 48
57 98
61 54
72 99
76 76
93 33
0 6
0 41
8 53
30 76
47 20
58 0
71 39
71 61
75 91
93 67
96 30
17 50
18 26
48 43
51 67
57 20
76 25
78 10
86 94
94 76
31 41
77 48
78 65
19 61
39 8
67 88
80 39
84 80
90 20
75 17
81 68
