117
1 51
11 38
85 86
87 70
5 9
9 82
27 33
33 46
39 8
39 94
43 70
49 48
53 3
71 73
77 34
85 49
3 30
12 6
15 46
34 28
49 86
53 41
79 79
7 66
23 62
48 27
57 98
69 89
70 14
86 11
97 94
30 84
39 63
40 14
51 71
57 27
62 2
70 65
71 95
78 52
87 18
89 42
3 59
5 73
38 47
43 92
56 52
58 73
60 36
75 2
88 95
94 50
2 40
33 22
47 16
74 41
76 16
31 39
36 57
41 54
0 93
16 23
18 93
25 0
98 79
22 76
22 97
63 51
94 23
96 65
0 87
1 4
16 0
17 49
21 14
25 80
31 0
66 87
73 30
79 99
82 0
6 80
36 77
52 86
53 13
59 59
70 47
83 59
84 80
98 84
2 44
7 94
17 40
19 8
32 14
33 92
45 37
53 95
60 6
70 50
84 39
92 56
16 77
22 25
45 8
50 34
63 97
75 64
83 87
4 52
16 83
45 56
45 79
77 10
24 9
86 84
39 85
