110
6 56
48 50
72 12
54 96
57 74
75 27
10 85
11 4
23 73
25 56
48 14
70 61
0 58
21 87
34 48
51 45
78 10
78 28
84 14
16 61
0 31
11 99
13 25
28 1
32 16
32 97
33 33
41 67
59 3
61 31
69 96
77 84
83 71
90 49
95 85
4 9
4 41
17 35
50 89
53 75
61 56
74 50
84 62
89 32
92 9
28 82
32 22
71 87
73 4
89 76
0 51
14 66
17 51
39 13
51 54
68 29
78 92
59 66
59 92
60 43
83 22
98 64
99 22
0 85
13 20
46 26
59 5
75 42
88 0
92 91
1 1
2 36
2 81
16 98
18 5
30 58
33 37
40 73
47 35
88 53
96 6
5 17
15 28
32 4
32 54
46 59
48 15
53 29
62 13
64 60
69 43
72 72
73 0
89 40
95 63
12 93
23 15
63 83
85 90
3 45
14 55
52 43
75 59
83 45
89 19
91 70
6 26
20 50
24 65
85 85
