107
20 74
28 22
47 62
52 88
90 31
59 88
94 42
2 11
7 46
36 39
45 4
65 50
77 78
91 58
99 74
10 56
39 67
41 43
44 28
61 77
80 35
85 49
41 50
0 74
0 96
6 30
9 85
21 42
23 3
23 88
27 57
54 18
58 34
59 1
69 22
72 94
77 0
1 2
7 15
20 21
25 71
40 78
83 71
84 86
96 60
97 26
3 36
12 87
40 21
62 20
62 42
76 39
77 53
14 49
17 31
33 56
67 12
73 85
18 45
28 34
46 34
85 78
34 28
35 96
82 14
3 60
24 7
38 92
58 71
60 56
0 79
24 95
40 14
41 75
49 2
61 36
64 96
73 62
79 98
99 56
0 18
0 50
4 69
17 59
23 18
24 77
40 94
45 48
47 80
65 6
75 28
98 70
31 60
61 61
76 16
23 81
42 12
59 12
59 86
66 42
92 72
19 28
36 75
72 36
24 66
29 23
41 81
