112
3 86
35 22
41 86
8 97
42 19
2 49
8 17
14 30
19 76
44 72
50 49
61 7
64 24
78 26
88 16
92 58
6 39
70 18
14 60
20 2
21 45
22 94
31 55
33 36
51 30
55 87
61 67
62 39
78 94
81 78
87 41
94 3
95 98
1 21
25 6
26 91
38 41
39 68
59 90
62 74
64 2
64 45
80 6
83 56
88 80
95 66
98 50
0 96
16 50
29 29
82 29
14 11
38 50
54 73
55 34
66 82
84 63
85 87
87 5
89 32
8 46
23 37
39 56
81 14
26 47
0 2
0 63
46 0
47 99
13 76
28 77
69 52
71 98
96 28
98 80
15 25
24 62
28 15
29 0
32 99
50 5
55 54
62 21
75 33
75 65
82 46
0 36
0 87
3 6
21 76
39 67
42 88
49 27
53 97
76 69
94 84
8 90
9 3
46 70
56 60
68 38
74 12
11 66
25 85
53 20
60 75
73 87
77 72
84 54
87 91
37 29
68 22
