114
3 22
24 19
34 31
38 63
54 12
12 78
25 44
28 5
28 87
47 37
72 90
73 62
77 6
84 75
86 43
7 14
42 12
85 61
93 44
9 20
22 12
38 38
76 84
4 92
5 45
9 59
47 74
58 64
58 87
69 25
87 28
89 98
96 15
5 73
16 36
26 76
44 59
51 23
58 4
69 34
82 4
2 31
10 51
19 4
33 24
34 83
48 82
53 29
62 10
65 65
78 58
86 89
38 68
79 35
20 26
29 19
0 0
17 98
23 58
49 99
55 49
96 0
97 69
5 0
19 98
42 0
62 50
70 97
83 21
96 83
99 58
0 59
6 87
10 73
22 40
24 67
31 90
34 48
44 2
45 93
48 51
61 73
72 0
76 76
84 98
0 8
54 22
61 35
77 8
85 29
90 82
91 7
0 67
4 29
6 95
14 3
19 75
42 35
42 77
62 86
80 51
25 84
32 10
34 56
46 14
47 42
67 71
68 8
79 24
81 65
14 9
33 71
47 18
14 81
