137
50 17
0 1
0 27
2 77
8 91
9 38
10 16
18 59
19 28
20 6
27 89
28 39
28 71
29 17
33 0
38 28
38 61
42 47
47 89
52 37
58 67
62 97
68 0
68 27
68 57
68 81
79 67
80 17
80 46
80 89
89 57
90 36
90 76
97 1
97 90
10 47
12 77
28 97
37 79
39 7
58 47
78 1
80 96
91 20
97 57
99 32
27 49
48 61
51 77
58 7
59 28
78 27
82 7
8 67
37 39
68 41
70 66
72 87
17 19
20 47
27 9
72 47
78 78
0 6
0 49
0 91
12 99
37 99
52 0
94 15
96 99
98 71
99 47
0 21
0 54
0 69
7 0
17 79
32 57
42 75
47 99
52 31
54 84
62 13
92 0
97 17
99 76
0 36
0 96
12 61
17 0
17 99
19 82
21 25
32 93
37 0
38 21
48 51
59 81
67 99
68 17
82 37
82 58
86 99
95 43
96 61
33 79
34 42
48 9
49 70
59 0
60 61
85 82
96 39
97 7
0 57
8 31
22 67
41 91
45 33
58 39
62 21
65 72
74 13
76 51
8 7
17 39
22 88
27 29
38 71
57 89
88 29
88 90
91 71
68 8
90 6
90 52
