107
0 3
0 18
0 33
0 42
2 10
0 57
0 72
0 87
12 95
13 25
13 50
13 65
13 80
15 2
23 15
23 35
25 88
27 55
27 70
30 2
49 2
49 17
49 32
70 2
70 17
70 32
70 47
70 62
70 77
70 92
92 45
23 40
27 20
27 95
49 42
77 1
78 18
79 32
2 95
5 37
17 10
27 60
27 75
30 37
72 72
2 65
2 80
5 2
5 18
8 45
15 87
22 0
28 80
80 42
8 30
8 60
17 45
20 93
22 25
28 65
30 12
12 70
22 50
27 30
30 87
0 25
2 50
5 87
10 2
15 17
27 45
5 72
7 55
20 68
23 5
10 87
15 32
10 17
18 75
12 40
15 58
20 83
20 57
90 7
92 21
93 7
93 31
46 10
46 25
67 55
68 86
94 38
67 40
68 8
68 23
78 50
92 17
30 22
32 51
78 5
2 25
25 7
18 31
7 10
8 73
7 35
19 21
