107
58 95
1 80
22 35
23 50
29 8
56 42
82 42
65 89
3 62
32 86
44 20
44 54
65 65
80 59
81 22
81 91
91 80
20 58
23 22
32 38
62 41
28 59
29 29
0 16
0 40
15 75
16 90
41 97
45 80
51 67
56 9
67 0
92 11
93 51
94 97
95 26
7 48
16 21
20 7
36 4
38 40
59 79
67 51
72 11
93 72
96 43
96 58
51 32
64 79
65 34
73 3
13 52
19 65
28 2
37 19
41 47
79 52
83 30
89 93
21 41
57 69
58 86
47 43
5 2
0 33
28 81
34 64
56 12
66 24
75 99
87 2
2 30
7 16
15 36
30 88
80 77
83 36
93 66
95 94
96 6
97 80
1 54
9 67
13 82
32 71
35 94
42 14
42 61
59 27
59 55
72 91
73 19
43 25
50 73
75 5
79 96
94 74
6 55
32 87
34 60
45 32
49 57
60 37
74 38
85 54
14 43
59 72
