87
19 20
28 44
3 6
44 6
91 8
8 9
22 25
11 15
36 28
39 78
46 38
58 46
74 26
9 30
36 12
65 43
34 42
30 26
2 43
22 6
34 96
79 80
89 70
97 28
97 97
12 44
19 40
12 23
14 29
0 58
17 76
21 90
32 58
48 60
52 86
82 53
90 41
31 73
51 15
56 76
70 77
85 16
91 2
44 28
44 52
61 53
16 47
40 13
68 52
84 28
36 63
3 19
17 15
30 22
16 34
64 5
14 92
35 92
46 0
69 69
70 18
86 84
88 66
98 22
8 0
16 54
50 24
72 63
94 70
96 3
0 28
2 42
29 41
42 47
45 74
58 12
31 12
39 0
83 8
86 60
30 49
51 52
4 14
41 38
49 10
33 55
25 27
