107
30 65
42 51
59 56
69 68
77 8
96 27
33 55
6 95
9 14
19 24
23 86
31 5
50 90
54 34
78 48
95 87
40 5
56 88
65 75
71 17
78 53
82 68
50 53
64 57
0 52
8 81
14 58
24 42
32 97
33 21
46 67
57 5
69 36
73 88
92 49
24 3
29 70
46 98
51 70
53 26
81 82
86 23
93 58
96 35
96 95
2 60
25 49
53 41
81 88
86 73
90 15
6 51
35 51
62 71
65 13
73 53
88 38
60 43
46 45
71 78
83 91
86 60
7 0
7 37
98 3
10 76
36 27
41 81
63 98
74 31
97 72
4 9
17 16
20 93
47 7
84 5
15 40
17 56
23 9
27 83
29 28
41 20
43 95
57 12
60 96
67 27
90 99
94 76
97 32
23 65
36 72
56 56
56 77
70 22
77 39
85 13
34 13
35 56
61 38
66 72
36 70
42 53
59 19
57 70
67 51
65 65
40 65
