107
1 30
15 34
36 14
65 25
81 39
97 70
0 75
13 65
17 3
23 55
30 32
32 95
41 84
58 53
66 40
67 97
70 8
85 19
91 94
6 81
9 45
32 6
48 10
89 33
74 23
90 41
93 81
0 59
13 20
46 43
46 70
55 81
69 83
71 66
82 0
83 57
13 85
23 96
34 79
39 21
46 0
53 33
81 91
96 63
97 95
25 40
50 63
54 24
65 92
68 56
80 65
83 14
91 26
20 91
24 9
55 67
74 46
87 74
27 86
82 46
0 94
2 11
37 56
96 1
1 33
56 10
96 47
0 47
14 49
15 28
26 57
39 94
57 98
58 0
72 77
83 97
91 2
96 28
97 61
16 21
20 82
32 21
33 41
35 64
41 0
43 90
46 24
59 38
62 5
68 18
75 82
77 7
93 77
0 82
17 9
49 71
60 84
64 34
78 60
96 80
23 46
41 89
61 48
84 4
88 48
22 25
26 14
