112
35 96
36 22
75 56
77 34
95 76
10 25
14 69
15 11
16 40
48 2
59 83
64 5
87 11
95 24
95 95
64 14
68 29
84 40
98 79
24 21
43 12
6 56
17 83
21 54
29 6
30 35
48 53
50 29
62 45
99 60
0 20
6 5
19 92
32 98
36 38
46 95
56 59
60 90
80 4
81 57
5 78
7 64
33 6
47 7
55 23
62 37
63 78
68 50
85 21
38 94
44 32
54 51
71 8
86 64
94 86
8 16
79 48
0 96
29 73
42 66
43 80
77 75
78 95
96 0
0 0
4 41
25 53
62 63
93 38
99 25
18 26
19 40
20 0
32 54
33 68
40 82
65 0
79 20
92 96
94 3
4 23
10 54
15 76
38 47
44 77
51 54
57 83
69 69
70 31
89 44
94 65
96 99
21 6
44 36
54 1
54 26
68 14
75 1
96 11
96 74
18 20
23 48
36 1
45 60
45 91
67 61
96 90
6 32
50 36
77 30
19 11
57 51
