104
4 19
42 64
46 37
53 50
77 56
80 3
89 80
85 62
91 5
96 81
9 88
18 60
45 81
46 10
83 21
18 73
23 52
35 34
55 15
64 46
70 9
77 64
87 53
78 10
2 49
10 5
13 40
27 19
30 82
61 62
71 86
76 35
94 95
1 93
10 22
27 35
35 5
48 83
60 36
64 4
73 70
8 77
33 21
33 73
46 29
49 3
73 29
90 18
91 66
5 30
10 67
51 63
63 12
63 55
74 45
86 86
25 29
35 13
75 23
89 91
44 72
29 25
23 98
38 94
53 97
1 5
16 7
59 96
95 50
96 27
0 68
0 89
14 87
28 58
39 97
46 44
52 23
54 82
74 78
88 0
6 99
9 51
18 36
30 44
61 21
62 86
77 38
94 73
98 54
12 15
25 66
43 54
67 49
5 82
38 87
46 14
53 93
54 56
63 28
70 63
77 6
88 81
39 27
42 91
