108
7 51
16 82
62 35
73 3
77 35
29 80
2 97
4 11
15 65
17 34
27 21
33 35
37 53
49 73
55 53
67 76
69 49
82 85
85 22
89 71
6 77
8 21
84 36
25 89
90 81
0 33
18 7
32 6
46 5
47 29
59 98
67 21
91 96
99 23
0 69
2 4
26 50
40 48
50 19
59 83
66 64
77 51
83 18
96 66
98 82
10 81
31 59
59 33
69 79
83 48
16 55
41 16
73 13
84 62
37 97
95 8
97 42
4 47
20 98
23 21
30 73
44 75
51 98
54 47
62 3
70 93
79 0
14 32
26 19
35 37
52 70
70 64
77 91
91 36
99 92
2 55
8 3
11 86
26 65
31 89
36 9
39 30
48 43
56 56
60 21
65 35
83 76
92 48
94 22
11 17
11 60
25 36
26 74
32 51
40 71
61 91
70 54
70 69
76 21
45 57
51 38
58 77
64 29
81 32
91 88
27 42
32 21
40 49
