109
10 51
12 73
75 83
90 90
2 93
9 33
12 6
18 97
25 43
37 97
57 66
64 22
76 10
80 32
91 70
10 58
24 7
40 85
65 33
87 39
6 43
40 92
17 37
25 79
31 30
39 2
39 47
40 18
53 50
54 99
68 97
75 49
90 13
0 0
3 84
6 23
45 25
48 6
50 79
64 74
76 97
79 57
91 6
93 26
0 9
0 36
2 65
20 89
54 21
60 58
77 14
82 83
11 65
16 27
24 97
48 84
63 52
68 31
85 50
95 13
34 86
46 10
50 17
74 38
26 57
38 65
99 47
45 32
67 3
90 66
90 95
15 12
24 23
28 4
43 60
54 93
69 97
70 74
78 0
93 67
95 89
4 2
11 80
16 94
30 22
48 31
54 50
54 71
78 21
87 0
88 34
95 21
96 61
9 20
17 66
18 80
32 98
58 66
68 91
80 64
7 6
23 35
59 28
83 68
35 25
72 90
82 28
83 7
84 22
