118
3 69
5 33
35 7
77 48
17 91
38 32
47 54
49 68
58 82
71 10
76 82
9 65
50 41
60 94
66 50
84 44
51 32
68 38
86 50
53 50
0 10
10 0
11 46
19 34
20 76
27 21
31 67
49 4
70 67
86 66
89 11
90 84
0 77
7 14
16 49
27 95
37 52
41 20
54 11
63 0
65 28
94 1
7 88
79 88
92 72
93 45
32 21
41 38
56 61
57 5
63 83
66 43
44 12
50 46
83 73
91 53
62 70
36 82
79 24
88 99
92 30
0 36
0 51
22 35
24 1
30 47
38 85
47 99
68 14
77 1
98 31
99 58
0 16
4 30
11 87
18 17
23 76
28 5
31 61
48 72
51 25
82 30
91 0
91 96
94 82
0 47
1 61
14 54
24 90
35 46
42 0
59 27
68 64
92 10
0 18
18 39
36 64
63 86
67 24
76 60
76 76
2 44
34 18
50 58
62 10
73 28
79 80
84 4
36 27
51 48
36 10
36 57
46 20
60 36
67 72
14 40
42 59
55 21
