114
14 5
31 13
71 43
72 24
12 39
12 56
19 24
26 93
27 37
29 68
38 55
46 1
58 30
71 91
84 2
91 23
92 71
28 8
32 97
37 69
78 44
97 23
38 92
0 64
12 98
14 84
41 32
49 82
54 13
57 69
63 55
71 8
74 70
85 58
92 37
3 44
10 11
15 74
43 23
57 84
80 80
97 41
35 10
42 61
49 36
57 18
63 45
64 70
65 85
72 2
17 33
43 69
70 38
81 48
17 15
71 29
50 74
51 27
69 52
85 94
99 57
99 91
1 12
3 82
21 50
39 47
46 99
63 99
87 9
96 76
0 37
0 58
9 0
14 65
18 79
23 53
33 83
53 44
63 0
71 23
71 98
79 62
91 0
98 50
18 81
22 99
26 22
40 84
45 8
49 96
58 61
73 23
82 12
87 26
96 14
0 52
20 36
30 51
31 72
42 32
55 41
88 63
5 68
21 8
29 93
47 18
51 63
56 89
29 75
57 48
67 59
86 51
65 36
70 57
