115
47 66
59 46
71 54
95 30
17 63
23 15
28 87
44 16
49 30
63 2
75 37
75 70
85 58
95 97
20 58
54 30
56 55
72 9
89 56
55 37
0 92
2 20
5 46
11 31
14 86
18 1
32 29
32 68
33 5
42 48
44 87
57 77
68 91
89 7
94 74
6 62
18 39
32 37
51 98
61 69
66 26
69 85
88 22
94 37
5 79
21 47
35 96
43 73
46 52
76 78
98 16
7 68
29 52
32 19
52 80
57 61
64 48
76 63
77 91
41 38
53 90
83 29
44 59
66 65
4 6
47 0
13 98
16 15
47 15
66 22
75 11
80 99
91 88
99 60
0 31
6 54
18 72
27 96
53 2
72 40
88 43
89 71
95 8
3 87
5 16
18 77
19 29
37 86
55 16
57 94
67 8
80 1
91 57
5 24
10 8
18 94
21 72
28 29
29 59
37 12
73 48
78 73
80 19
45 43
46 23
47 71
55 83
70 2
77 39
81 15
81 83
27 61
60 54
61 38
79 53
