109
10 52
12 34
30 85
33 6
76 82
84 28
2 53
25 23
35 33
60 53
69 3
70 40
75 63
90 77
91 92
94 53
67 75
73 95
74 26
83 67
85 19
0 0
0 23
5 70
11 9
12 94
19 67
34 64
44 79
51 19
1 37
19 39
26 88
36 3
38 96
42 36
50 88
54 8
56 71
66 25
75 48
86 7
89 42
92 56
96 95
2 14
10 68
20 4
27 65
41 67
68 12
70 78
11 78
29 96
31 28
59 65
78 91
18 85
80 58
7 60
58 77
76 15
40 51
98 30
0 90
49 34
50 2
56 47
64 92
95 8
97 70
2 20
16 23
17 50
45 93
63 39
76 0
77 98
97 22
0 5
25 4
34 82
39 5
39 21
46 96
49 38
64 25
66 61
79 32
91 85
96 45
14 28
14 44
18 76
57 5
71 3
80 98
82 28
83 64
11 14
31 91
40 12
72 74
83 84
90 23
18 13
60 1
74 92
77 77
