103
4 4
4 39
5 23
5 58
19 4
19 39
20 23
20 58
31 79
31 94
34 4
34 39
35 23
35 58
46 79
46 94
49 4
49 39
50 23
50 58
61 79
61 94
64 4
64 39
65 23
65 58
76 79
76 94
79 4
79 39
80 23
80 58
91 79
91 94
15 96
0 0
0 18
0 37
0 53
18 0
18 37
21 62
29 74
33 0
33 37
43 71
48 0
48 37
58 71
63 0
63 37
73 71
78 0
78 37
82 60
84 24
89 73
94 99
6 62
14 19
18 42
28 20
33 42
34 7
34 99
42 21
42 56
48 8
48 42
49 99
57 21
57 56
63 7
63 42
64 99
78 7
78 42
79 99
96 78
97 92
0 7
0 42
18 7
27 56
54 80
69 24
69 80
72 56
8 25
24 24
34 90
37 76
39 24
40 62
54 24
55 62
72 21
79 90
86 77
12 56
49 90
64 90
70 62
