112
8 95
21 45
32 81
39 52
58 76
68 88
76 35
0 68
7 53
8 20
29 12
45 21
69 2
82 8
86 25
90 63
10 72
19 91
72 81
94 3
11 83
63 82
11 5
22 62
25 27
37 0
49 41
49 62
49 88
59 14
59 51
78 52
79 97
89 85
91 44
10 29
42 5
62 36
85 66
92 90
96 76
97 31
0 85
2 59
7 10
15 66
29 17
31 68
32 49
44 32
52 46
53 19
55 68
79 22
12 19
17 59
19 37
38 62
83 90
3 77
43 46
49 10
86 95
17 25
70 64
23 95
53 96
60 0
73 49
92 48
99 61
22 1
27 77
29 33
36 89
59 20
63 97
67 32
76 66
82 11
94 99
97 34
23 46
31 26
38 68
40 83
45 3
57 50
63 4
76 38
77 77
87 8
92 79
98 45
37 45
39 28
63 59
74 14
91 11
97 83
13 11
41 7
54 0
66 50
80 62
80 80
8 63
43 18
52 58
85 57
92 71
29 57
