110
34 59
35 45
60 59
71 87
88 90
97 23
78 84
1 55
2 27
17 85
51 79
61 23
80 1
81 18
89 66
5 64
23 89
24 43
50 63
56 86
65 56
62 64
0 83
6 96
9 13
22 5
25 29
34 74
45 24
46 99
49 10
63 40
94 48
97 7
8 71
11 39
30 91
32 31
47 49
67 19
69 0
77 64
91 98
95 75
13 5
14 64
55 77
57 32
86 3
87 61
14 77
24 87
27 51
39 69
68 84
81 77
91 7
53 64
71 60
89 82
85 11
32 15
77 41
1 97
17 25
43 97
50 4
64 0
81 25
83 39
97 38
1 17
2 35
11 99
19 57
37 37
56 38
57 96
64 2
97 79
0 76
4 56
18 71
28 59
30 18
33 77
40 44
46 83
52 12
70 46
73 90
75 21
94 59
16 46
36 60
60 78
71 35
77 73
79 55
83 95
86 32
16 83
67 63
71 6
90 21
11 51
48 85
55 54
63 78
77 9
