103
6 0
6 21
6 42
6 63
27 0
27 21
27 42
27 63
28 77
48 0
48 21
48 42
48 63
6 70
7 5
7 26
7 47
28 5
28 26
28 47
48 70
49 5
49 26
49 47
7 56
27 70
28 56
49 56
7 14
7 35
28 14
28 35
49 14
49 35
66 69
0 0
0 69
19 76
21 0
33 77
42 0
56 1
0 18
0 34
0 49
12 57
13 27
13 43
14 13
32 21
32 42
32 63
42 73
45 28
45 49
53 63
56 18
56 39
0 65
13 71
32 0
33 57
56 58
57 72
58 15
58 34
0 4
14 1
14 33
14 48
20 71
33 14
33 36
0 15
0 39
14 6
19 27
19 56
34 6
34 28
34 72
42 42
54 8
55 48
0 54
20 20
40 14
40 56
54 29
0 27
13 62
19 6
19 34
21 48
41 20
15 20
35 49
40 6
40 34
41 64
20 41
20 62
19 15
