114
74 78
82 8
7 63
28 71
56 18
57 79
70 31
32 58
10 80
21 7
25 24
39 91
50 55
84 32
11 58
54 85
70 10
83 3
54 68
0 42
0 92
7 19
14 44
38 32
55 36
71 54
81 95
88 60
91 45
95 20
95 81
10 0
30 85
45 11
45 69
54 93
69 25
70 85
82 75
96 9
1 50
10 87
49 47
60 71
61 38
82 18
93 27
18 64
62 94
63 17
67 63
44 79
64 35
77 13
7 51
77 25
19 98
34 0
95 97
0 5
0 20
0 35
0 77
17 39
27 50
33 36
37 15
48 1
62 0
76 50
96 67
14 22
14 94
15 2
32 92
36 57
41 29
42 76
46 97
48 2
53 54
78 72
83 46
83 89
94 0
98 31
0 64
33 43
51 16
67 91
85 39
85 94
90 53
96 10
0 85
3 10
6 72
8 35
24 86
27 65
30 28
40 43
47 93
62 6
69 40
84 66
92 86
47 37
76 78
91 34
71 17
78 36
84 9
76 86
