124
47 12
59 4
81 8
7 12
8 89
22 10
31 33
42 42
73 41
83 71
30 7
33 21
61 13
75 10
45 4
72 17
4 48
21 63
22 79
44 68
50 29
56 43
57 87
58 69
70 55
71 79
83 93
84 54
88 39
94 80
0 2
2 20
7 39
14 93
17 1
19 20
23 34
88 4
97 48
27 41
39 18
69 0
88 67
90 90
91 11
9 2
52 76
55 21
66 77
91 51
92 73
37 6
15 12
28 18
52 10
66 9
83 83
0 62
8 74
28 92
36 55
36 80
41 98
0 92
14 58
53 51
53 90
64 30
78 24
89 33
93 19
96 99
0 66
1 38
13 98
14 76
15 27
18 49
26 68
41 40
42 60
55 97
63 63
77 55
96 4
96 65
0 81
17 29
20 45
30 74
31 0
32 89
50 81
58 35
63 91
73 34
90 19
2 28
26 48
45 44
50 0
61 54
64 1
69 69
74 89
84 32
7 6
9 50
14 64
14 82
32 27
35 66
41 85
46 23
62 27
75 16
79 59
35 47
64 77
85 40
12 20
36 27
42 49
83 10
