109
10 18
57 62
75 10
32 37
37 10
75 43
82 99
9 42
18 56
23 74
24 22
32 62
63 25
79 80
87 18
2 8
35 76
42 58
63 7
13 52
34 17
78 89
63 16
1 62
1 85
8 98
15 1
42 90
44 29
47 0
48 43
49 74
72 66
82 56
88 3
95 46
2 33
4 67
22 1
45 95
56 86
77 24
93 23
5 77
13 17
18 66
27 53
28 80
29 2
36 31
41 48
65 66
70 50
70 80
74 96
80 31
13 27
41 68
71 34
86 25
23 98
89 69
92 86
23 39
48 20
59 94
90 43
93 89
0 11
3 47
8 83
36 92
45 44
52 5
53 76
58 30
59 46
73 2
89 9
95 37
97 81
10 21
22 6
26 36
27 77
36 2
37 97
61 88
69 48
73 97
97 23
14 70
35 55
38 24
63 35
74 16
16 19
34 83
42 16
44 54
48 82
67 58
12 4
21 64
28 14
44 7
50 90
71 86
84 94
