108
88 51
9 23
11 7
58 34
92 22
0 78
22 71
27 94
35 24
35 65
43 85
65 60
74 18
78 66
87 85
91 3
20 5
58 27
92 35
29 72
73 54
86 13
4 94
13 60
26 51
39 7
47 54
49 68
55 9
59 89
69 3
72 33
72 96
96 65
1 29
19 31
27 44
59 73
79 70
89 86
94 49
97 74
98 4
3 66
20 79
29 16
36 90
51 25
62 46
64 95
66 20
80 34
98 40
8 12
86 28
97 87
21 64
31 76
83 46
88 71
96 12
39 74
85 59
8 42
41 39
10 91
34 2
41 99
73 81
97 98
13 37
14 77
18 96
31 23
39 57
44 43
45 11
55 93
64 65
83 4
3 87
9 2
16 22
19 57
21 93
28 37
45 70
48 0
55 97
63 9
71 47
97 51
12 8
33 27
62 34
68 87
70 12
76 39
82 20
7 28
28 58
28 86
45 60
65 55
86 65
21 23
66 26
29 67
