110
2 56
27 63
40 92
59 90
64 68
87 64
48 87
4 8
16 73
18 11
32 22
33 46
40 6
48 31
62 19
66 42
83 90
96 23
4 47
19 82
45 16
48 78
61 60
72 13
78 66
98 17
42 25
54 83
1 22
33 77
44 56
58 3
94 81
2 33
24 40
61 25
67 75
76 46
78 9
95 67
97 87
8 55
21 18
21 61
25 87
42 45
46 67
48 99
60 50
62 34
71 27
72 69
37 66
39 83
51 56
73 75
66 60
0 71
0 88
13 96
27 0
89 38
97 50
5 0
23 35
27 98
42 0
60 5
62 98
79 26
79 96
0 36
0 78
17 53
80 40
92 64
93 33
2 61
10 21
14 87
24 24
34 76
37 31
56 19
56 99
57 42
68 84
74 54
82 80
83 17
87 94
96 39
19 46
19 76
33 13
35 58
80 55
93 71
40 50
51 29
55 11
57 64
62 82
82 86
29 79
48 46
66 53
78 61
40 75
51 92
