112
4 32
69 89
7 49
9 9
21 54
28 4
35 90
39 21
39 75
53 70
65 45
68 8
80 28
87 63
96 93
31 49
41 90
59 98
79 82
93 55
32 16
96 60
1 74
10 85
16 23
24 35
39 37
45 51
70 66
81 97
92 36
94 15
1 3
7 71
21 1
33 69
55 85
57 59
59 37
61 3
70 17
71 45
2 43
5 24
11 63
16 15
36 54
42 27
57 76
67 31
73 95
75 7
77 58
83 72
7 40
33 39
37 85
86 86
34 25
49 76
61 66
64 10
77 68
19 98
45 8
55 21
97 0
6 90
17 81
47 2
53 36
85 42
87 15
95 75
95 98
99 23
0 57
3 4
22 49
24 72
28 97
50 56
53 20
71 81
90 41
1 84
17 15
21 29
34 71
65 50
74 21
89 17
93 83
0 12
5 32
30 18
39 6
43 36
56 17
59 89
82 57
17 6
29 34
41 68
57 31
85 49
85 80
28 77
47 61
49 11
65 28
70 53
