110
57 91
52 76
64 7
86 55
17 14
17 70
68 67
73 90
95 3
70 76
55 44
70 21
71 51
78 6
83 33
84 75
92 22
90 80
52 86
65 15
69 58
88 28
91 12
76 65
51 13
7 13
14 62
14 78
19 21
20 6
56 31
60 98
92 44
95 61
96 84
56 4
56 71
57 37
70 84
82 12
97 17
23 13
62 22
77 26
83 59
89 36
93 75
95 51
63 29
66 91
70 68
85 2
90 32
93 7
61 87
0 0
0 26
23 43
32 27
33 0
36 49
47 60
86 96
3 27
10 57
10 83
15 0
26 70
34 22
36 6
37 41
72 42
0 5
14 28
19 84
55 48
79 97
0 20
18 57
19 28
30 0
48 93
69 45
1 12
7 68
22 65
24 79
28 27
51 24
52 10
54 77
57 57
72 98
84 79
89 58
3 1
18 1
61 62
78 42
85 73
96 26
84 90
14 6
14 21
72 52
84 19
84 63
62 76
78 71
80 49
